#
# A fatal error has been detected by the Java Runtime Environment:
#
#  SIGSEGV (0xb) at pc=0x00007fff83f5b15f, pid=6724, tid=2571
#
# JRE version: Java(TM) SE Runtime Environment (8.0_60-b27) (build 1.8.0_60-b27)
# Java VM: Java HotSpot(TM) 64-Bit Server VM (25.60-b23 mixed mode bsd-amd64 compressed oops)
# Problematic frame:
# C  [libobjc.A.dylib+0x915f]  objc_release+0xf
#
# Failed to write core dump. Core dumps have been disabled. To enable core dumping, try "ulimit -c unlimited" before starting Java again
#
# If you would like to submit a bug report, please visit:
#   http://bugreport.java.com/bugreport/crash.jsp
# The crash happened outside the Java Virtual Machine in native code.
# See problematic frame for where to report the bug.
#

---------------  T H R E A D  ---------------

Current thread (0x00007fdc6a13b000):  JavaThread "AWT-AppKit" daemon [_thread_in_native, id=2571, stack(0x00007fff57293000,0x00007fff57a93000)]

siginfo: si_signo: 11 (SIGSEGV), si_code: 1 (SEGV_MAPERR), si_addr: 0x000007fdc6d5dd90

Registers:
RAX=0x0000000000000008, RBX=0x0000000000000000, RCX=0x0000000000000003, RDX=0x00007fdc6d5bdcc8
RSP=0x00007fff57a8e428, RBP=0x00007fff57a8e450, RSI=0x000000011eb70f00, RDI=0x000007fdc6d5dd90
R8 =0x0000000000000001, R9 =0x00007fdc6d5dd900, R10=0x00007fdc69f84a20, R11=0x000000011f977840
R12=0x0000000000000000, R13=0x000000018cc69d50, R14=0x00007fdc6d5b99c0, R15=0x00007fdc6a13b000
RIP=0x00007fff83f5b15f, EFLAGS=0x0000000000010246, ERR=0x0000000000000004
  TRAPNO=0x000000000000000e

Top of Stack: (sp=0x00007fff57a8e428)
0x00007fff57a8e428:   000000011eafa52b 00007fff57a8e450
0x00007fff57a8e438:   000000011f977450 000000011f977440
0x00007fff57a8e448:   00007fdc6a13b000 00007fff57a8e510
0x00007fff57a8e458:   000000011f975215 000000011f977700
0x00007fff57a8e468:   000000011f9776e0 000000011f9774b0
0x00007fff57a8e478:   0000000000000000 000000018cc69d50
0x00007fff57a8e488:   000000018cc69d50 00007fdc6d5bdcc0
0x00007fff57a8e498:   000000011f9776a0 000000011f977710
0x00007fff57a8e4a8:   00007fff7349c770 00007fff711fc500
0x00007fff57a8e4b8:   000000011f977450 000000011f977690
0x00007fff57a8e4c8:   00007fdc6d5bdcc0 00007fdc6d5b99c0
0x00007fff57a8e4d8:   00007fdc6d4b9690 00007fdc6d5bdcc0
0x00007fff57a8e4e8:   00007fdc6d5b99c0 00007fff57a8e598
0x00007fff57a8e4f8:   00007fdc6a13b1f8 000000018cc69d50
0x00007fff57a8e508:   00007fff57a8e5c0 00007fff57a8e588
0x00007fff57a8e518:   0000000109c15954 000000018cc69d50
0x00007fff57a8e528:   00007fff57a8e5c0 00007fff57a8e588
0x00007fff57a8e538:   0000000109c156e7 0000000109c156a2
0x00007fff57a8e548:   00007fff57a8e548 000000018cc69d50
0x00007fff57a8e558:   00007fff57a8e5c0 000000018cc6c988
0x00007fff57a8e568:   0000000000000000 000000018cc69d50
0x00007fff57a8e578:   0000000000000000 00007fff57a8e5a8
0x00007fff57a8e588:   00007fff57a8e608 0000000109c07c4d
0x00007fff57a8e598:   0000000782502560 0000000109c0f578
0x00007fff57a8e5a8:   00007fdc6d5bdcc0 00007fff57a8e608
0x00007fff57a8e5b8:   00007fdc6d5b99c0 0000000109c10d82
0x00007fff57a8e5c8:   00007fff57a8e5c8 000000018cc69f1a
0x00007fff57a8e5d8:   00007fff57a8e630 000000018cc6c988
0x00007fff57a8e5e8:   0000000000000000 000000018cc69f28
0x00007fff57a8e5f8:   00007fff57a8e5a8 00007fff57a8e618
0x00007fff57a8e608:   00007fff57a8e678 0000000109c07c4d
0x00007fff57a8e618:   00007fdc6d5bdcc0 00000007824b4a68 

Instructions: (pc=0x00007fff83f5b15f)
0x00007fff83f5b13f:   5c 41 5d 41 5e 41 5f 5d c3 90 90 90 90 90 90 90
0x00007fff83f5b14f:   90 48 85 ff 0f 84 80 00 00 00 40 f6 c7 01 75 7a
0x00007fff83f5b15f:   48 8b 07 48 b9 f8 ff ff ff ff 7f 00 00 48 21 c1
0x00007fff83f5b16f:   f6 41 20 02 75 0f 48 8d 05 9c 5d ee ed 48 8b 30 

Register to memory mapping:

RAX=0x0000000000000008 is an unknown value
RBX=0x0000000000000000 is an unknown value
RCX=0x0000000000000003 is an unknown value
RDX=0x00007fdc6d5bdcc8 is an unknown value
RSP=0x00007fff57a8e428 is pointing into the stack for thread: 0x00007fdc6a13b000
RBP=0x00007fff57a8e450 is pointing into the stack for thread: 0x00007fdc6a13b000
RSI=0x000000011eb70f00: OBJC_IVAR_$_PrinterView.fCurPeekGraphics+0x1aa8 in /Library/Java/JavaVirtualMachines/jdk1.8.0_60.jdk/Contents/Home/jre/lib/libawt_lwawt.dylib at 0x000000011eaf6000
RDI=0x000007fdc6d5dd90 is an unknown value
R8 =0x0000000000000001 is an unknown value
R9 =0x00007fdc6d5dd900 is an unknown value
R10=0x00007fdc69f84a20 is an unknown value
R11=0x000000011f977840: OBJC_CLASS_$_MyCALayer+0 in /private/var/folders/p9/f2k8tf91787dq41zbzy2vwz40000gn/T/jogamp_0000/file_cache/jln4002609618523960699/jln5231886175082323337/libnativewindow_macosx.jnilib at 0x000000011f970000
R12=0x0000000000000000 is an unknown value
R13={method} {0x000000018cc69d50} 'UnsetJAWTRootSurfaceLayer0' '(JJ)V' in 'jogamp/nativewindow/jawt/macosx/MacOSXJAWTWindow'
R14=0x00007fdc6d5b99c0 is an unknown value
R15=0x00007fdc6a13b000 is a thread


Stack: [0x00007fff57293000,0x00007fff57a93000],  sp=0x00007fff57a8e428,  free space=8173k
Native frames: (J=compiled Java code, j=interpreted, Vv=VM code, C=native code)
C  [libobjc.A.dylib+0x915f]  objc_release+0xf
C  [libnativewindow_macosx.jnilib+0x5215]  Java_jogamp_nativewindow_jawt_macosx_MacOSXJAWTWindow_UnsetJAWTRootSurfaceLayer0+0x1a5
j  jogamp.nativewindow.jawt.macosx.MacOSXJAWTWindow.UnsetJAWTRootSurfaceLayer0(JJ)V+0
j  jogamp.nativewindow.jawt.macosx.MacOSXJAWTWindow.access$200(JJ)V+2
j  jogamp.nativewindow.jawt.macosx.MacOSXJAWTWindow$1.run()V+38
j  com.jogamp.common.util.RunnableTask.run()V+24
v  ~StubRoutines::call_stub
V  [libjvm.dylib+0x2eab0e]  JavaCalls::call_helper(JavaValue*, methodHandle*, JavaCallArguments*, Thread*)+0x6ae
V  [libjvm.dylib+0x321bb7]  jni_invoke_nonstatic(JNIEnv_*, JavaValue*, _jobject*, JNICallType, _jmethodID*, JNI_ArgumentPusher*, Thread*)+0x2ec
V  [libjvm.dylib+0x31438b]  jni_CallVoidMethod+0x16b
C  [libnativewindow_macosx.jnilib+0x5326]  Java_jogamp_nativewindow_jawt_macosx_MacOSXJAWTWindow_UnsetJAWTRootSurfaceLayer0+0x2b6
C  [Foundation+0x76fde]  __NSThreadPerformPerform+0x117
C  [CoreFoundation+0xaa881]  __CFRUNLOOP_IS_CALLING_OUT_TO_A_SOURCE0_PERFORM_FUNCTION__+0x11
C  [CoreFoundation+0x89f37]  __CFRunLoopDoSources0+0x1a7
C  [CoreFoundation+0x894df]  __CFRunLoopRun+0x39f
C  [CoreFoundation+0x88ed8]  CFRunLoopRunSpecific+0x128
C  [HIToolbox+0x30935]  RunCurrentEventLoopInMode+0xeb
C  [HIToolbox+0x30677]  ReceiveNextEventCommon+0xb8
C  [HIToolbox+0x305af]  _BlockUntilNextEventMatchingListInModeWithFilter+0x47
C  [AppKit+0x48df6]  _DPSNextEvent+0x42b
C  [AppKit+0x48226]  -[NSApplication _nextEventMatchingEventMask:untilDate:inMode:dequeue:]+0x1c6
C  [libosxapp.dylib+0x23aa]  -[NSApplicationAWT nextEventMatchingMask:untilDate:inMode:dequeue:]+0x7c
C  [AppKit+0x3cd80]  -[NSApplication run]+0x2aa
C  [libosxapp.dylib+0x214d]  +[NSApplicationAWT runAWTLoopWithApp:]+0x9c
C  [libawt_lwawt.dylib+0x44517]  -[AWTStarter starter:]+0x389
C  [Foundation+0x76fde]  __NSThreadPerformPerform+0x117
C  [CoreFoundation+0xaa881]  __CFRUNLOOP_IS_CALLING_OUT_TO_A_SOURCE0_PERFORM_FUNCTION__+0x11
C  [CoreFoundation+0x89fbc]  __CFRunLoopDoSources0+0x22c
C  [CoreFoundation+0x894df]  __CFRunLoopRun+0x39f
C  [CoreFoundation+0x88ed8]  CFRunLoopRunSpecific+0x128
C  [java+0x6463]  CreateExecutionEnvironment+0x367
C  [java+0x21ac]  JLI_Launch+0x7a0
C  [java+0x84c0]  main+0x65
C  [java+0x1a04]  start+0x34
C  0x0000000000000009

Java frames: (J=compiled Java code, j=interpreted, Vv=VM code)
j  jogamp.nativewindow.jawt.macosx.MacOSXJAWTWindow.UnsetJAWTRootSurfaceLayer0(JJ)V+0
j  jogamp.nativewindow.jawt.macosx.MacOSXJAWTWindow.access$200(JJ)V+2
j  jogamp.nativewindow.jawt.macosx.MacOSXJAWTWindow$1.run()V+38
j  com.jogamp.common.util.RunnableTask.run()V+24
v  ~StubRoutines::call_stub

---------------  P R O C E S S  ---------------

Java Threads: ( => current thread )
  0x00007fdc6b231000 JavaThread "Thread-330" [_thread_blocked, id=26387, stack(0x000070000104a000,0x000070000114a000)]
  0x00007fdc6b16e800 JavaThread "Animation Thread" [_thread_blocked, id=57583, stack(0x0000700001765000,0x0000700001865000)]
  0x00007fdc6ace7800 JavaThread "AWT-EventQueue-1" [_thread_in_native, id=59463, stack(0x0000700001868000,0x0000700001968000)]
  0x00007fdc6a24a800 JavaThread "DestroyJavaVM" [_thread_blocked, id=5891, stack(0x000070000011a000,0x000070000021a000)]
  0x00007fdc69b50800 JavaThread "AWT-EventQueue-0" [_thread_blocked, id=54299, stack(0x0000700001662000,0x0000700001762000)]
  0x00007fdc69ab3800 JavaThread "Java2D Disposer" daemon [_thread_blocked, id=52995, stack(0x00007000013d9000,0x00007000014d9000)]
  0x00007fdc6a98b800 JavaThread "Java2D Queue Flusher" daemon [_thread_blocked, id=44059, stack(0x00007000012d6000,0x00007000013d6000)]
  0x00007fdc6a947000 JavaThread "AWT-Shutdown" [_thread_blocked, id=30487, stack(0x0000700001150000,0x0000700001250000)]
=>0x00007fdc6a13b000 JavaThread "AWT-AppKit" daemon [_thread_in_native, id=2571, stack(0x00007fff57293000,0x00007fff57a93000)]
  0x00007fdc6b001800 JavaThread "Service Thread" daemon [_thread_blocked, id=18691, stack(0x0000700000e44000,0x0000700000f44000)]
  0x00007fdc6b00f000 JavaThread "C1 CompilerThread2" daemon [_thread_blocked, id=18179, stack(0x0000700000d41000,0x0000700000e41000)]
  0x00007fdc6984f000 JavaThread "C2 CompilerThread1" daemon [_thread_blocked, id=17667, stack(0x0000700000c3e000,0x0000700000d3e000)]
  0x00007fdc6983d800 JavaThread "C2 CompilerThread0" daemon [_thread_blocked, id=17155, stack(0x0000700000b3b000,0x0000700000c3b000)]
  0x00007fdc6983c800 JavaThread "Signal Dispatcher" daemon [_thread_blocked, id=13839, stack(0x0000700000a38000,0x0000700000b38000)]
  0x00007fdc6a834000 JavaThread "Finalizer" daemon [_thread_blocked, id=12291, stack(0x000070000082f000,0x000070000092f000)]
  0x00007fdc6a833800 JavaThread "Reference Handler" daemon [_thread_blocked, id=11779, stack(0x000070000072c000,0x000070000082c000)]

Other Threads:
  0x00007fdc6a833000 VMThread [stack: 0x0000700000629000,0x0000700000729000] [id=11267]
  0x00007fdc69817000 WatcherThread [stack: 0x0000700000f47000,0x0000700001047000] [id=19203]

VM state:not at safepoint (normal execution)

VM Mutex/Monitor currently owned by a thread: None

Heap:
 PSYoungGen      total 141824K, used 62346K [0x00000007aab00000, 0x00000007b8a00000, 0x00000007c0000000)
  eden space 121856K, 39% used [0x00000007aab00000,0x00000007ad990be8,0x00000007b2200000)
  from space 19968K, 73% used [0x00000007b2200000,0x00000007b3051c20,0x00000007b3580000)
  to   space 30208K, 0% used [0x00000007b6c80000,0x00000007b6c80000,0x00000007b8a00000)
 ParOldGen       total 121856K, used 78310K [0x0000000780000000, 0x0000000787700000, 0x00000007aab00000)
  object space 121856K, 64% used [0x0000000780000000,0x0000000784c79a80,0x0000000787700000)
 Metaspace       used 19387K, capacity 19651K, committed 19968K, reserved 1067008K
  class space    used 1884K, capacity 1982K, committed 2048K, reserved 1048576K

Card table byte_map: [0x0000000118fc0000,0x00000001191c1000] byte_map_base: 0x00000001153c0000

Marking Bits: (ParMarkBitMap*) 0x0000000108cdbe20
 Begin Bits: [0x0000000119317000, 0x000000011a317000)
 End Bits:   [0x000000011a317000, 0x000000011b317000)

Polling page: 0x00000001093cd000

CodeCache: size=245760Kb used=8914Kb max_used=8928Kb free=236845Kb
 bounds [0x0000000109c00000, 0x000000010a4e0000, 0x0000000118c00000]
 total_blobs=3301 nmethods=2428 adapters=786
 compilation: enabled

Compilation events (10 events):
Event: 113.640 Thread 0x00007fdc6984f000 2552       4       de.fhpotsdam.unfolding.mapdisplay.AbstractMapDisplay::processQueue (67 bytes)
Event: 113.674 Thread 0x00007fdc6984f000 nmethod 2552 0x0000000109fcad50 code [0x0000000109fcb020, 0x0000000109fccbf0]
Event: 114.475 Thread 0x00007fdc6983d800 2553       4       sun.java2d.SurfaceData::pixelFor (13 bytes)
Event: 114.476 Thread 0x00007fdc6983d800 nmethod 2553 0x0000000109f8d150 code [0x0000000109f8d2a0, 0x0000000109f8d378]
Event: 114.521 Thread 0x00007fdc6984f000 2554       4       com.jogamp.nativewindow.awt.AWTGraphicsConfiguration::getNativeGraphicsConfiguration (17 bytes)
Event: 114.521 Thread 0x00007fdc6984f000 nmethod 2554 0x0000000109f88150 code [0x0000000109f882a0, 0x0000000109f88338]
Event: 114.524 Thread 0x00007fdc6b00f000 2555       3       java.lang.Integer::equals (29 bytes)
Event: 114.524 Thread 0x00007fdc6983d800 2556       4       java.lang.Integer::<init> (10 bytes)
Event: 114.524 Thread 0x00007fdc6b00f000 nmethod 2555 0x000000010a4a4f10 code [0x000000010a4a5080, 0x000000010a4a54f0]
Event: 114.524 Thread 0x00007fdc6983d800 nmethod 2556 0x0000000109d109d0 code [0x0000000109d10b20, 0x0000000109d10b78]

GC Heap History (10 events):
Event: 10.969 GC heap before
{Heap before GC invocations=7 (full 0):
 PSYoungGen      total 76288K, used 76178K [0x00000007aab00000, 0x00000007b0800000, 0x00000007c0000000)
  eden space 63488K, 100% used [0x00000007aab00000,0x00000007ae900000,0x00000007ae900000)
  from space 12800K, 99% used [0x00000007af780000,0x00000007b03e49d0,0x00000007b0400000)
  to   space 14848K, 0% used [0x00000007ae900000,0x00000007ae900000,0x00000007af780000)
 ParOldGen       total 44032K, used 26199K [0x0000000780000000, 0x0000000782b00000, 0x00000007aab00000)
  object space 44032K, 59% used [0x0000000780000000,0x0000000781995fb0,0x0000000782b00000)
 Metaspace       used 19006K, capacity 19235K, committed 19456K, reserved 1067008K
  class space    used 1874K, capacity 1950K, committed 2048K, reserved 1048576K
Event: 11.029 GC heap after
Heap after GC invocations=7 (full 0):
 PSYoungGen      total 78336K, used 14674K [0x00000007aab00000, 0x00000007b4900000, 0x00000007c0000000)
  eden space 63488K, 0% used [0x00000007aab00000,0x00000007aab00000,0x00000007ae900000)
  from space 14848K, 98% used [0x00000007ae900000,0x00000007af754aa0,0x00000007af780000)
  to   space 17408K, 0% used [0x00000007b3800000,0x00000007b3800000,0x00000007b4900000)
 ParOldGen       total 44032K, used 40352K [0x0000000780000000, 0x0000000782b00000, 0x00000007aab00000)
  object space 44032K, 91% used [0x0000000780000000,0x0000000782768240,0x0000000782b00000)
 Metaspace       used 19006K, capacity 19235K, committed 19456K, reserved 1067008K
  class space    used 1874K, capacity 1950K, committed 2048K, reserved 1048576K
}
Event: 11.029 GC heap before
{Heap before GC invocations=8 (full 1):
 PSYoungGen      total 78336K, used 14674K [0x00000007aab00000, 0x00000007b4900000, 0x00000007c0000000)
  eden space 63488K, 0% used [0x00000007aab00000,0x00000007aab00000,0x00000007ae900000)
  from space 14848K, 98% used [0x00000007ae900000,0x00000007af754aa0,0x00000007af780000)
  to   space 17408K, 0% used [0x00000007b3800000,0x00000007b3800000,0x00000007b4900000)
 ParOldGen       total 44032K, used 40352K [0x0000000780000000, 0x0000000782b00000, 0x00000007aab00000)
  object space 44032K, 91% used [0x0000000780000000,0x0000000782768240,0x0000000782b00000)
 Metaspace       used 19006K, capacity 19235K, committed 19456K, reserved 1067008K
  class space    used 1874K, capacity 1950K, committed 2048K, reserved 1048576K
Event: 11.128 GC heap after
Heap after GC invocations=8 (full 1):
 PSYoungGen      total 78336K, used 8458K [0x00000007aab00000, 0x00000007b4900000, 0x00000007c0000000)
  eden space 63488K, 0% used [0x00000007aab00000,0x00000007aab00000,0x00000007ae900000)
  from space 14848K, 56% used [0x00000007ae900000,0x00000007af142b68,0x00000007af780000)
  to   space 17408K, 0% used [0x00000007b3800000,0x00000007b3800000,0x00000007b4900000)
 ParOldGen       total 78336K, used 43653K [0x0000000780000000, 0x0000000784c80000, 0x00000007aab00000)
  object space 78336K, 55% used [0x0000000780000000,0x0000000782aa1510,0x0000000784c80000)
 Metaspace       used 19006K, capacity 19235K, committed 19456K, reserved 1067008K
  class space    used 1874K, capacity 1950K, committed 2048K, reserved 1048576K
}
Event: 11.802 GC heap before
{Heap before GC invocations=9 (full 1):
 PSYoungGen      total 78336K, used 71946K [0x00000007aab00000, 0x00000007b4900000, 0x00000007c0000000)
  eden space 63488K, 100% used [0x00000007aab00000,0x00000007ae900000,0x00000007ae900000)
  from space 14848K, 56% used [0x00000007ae900000,0x00000007af142b68,0x00000007af780000)
  to   space 17408K, 0% used [0x00000007b3800000,0x00000007b3800000,0x00000007b4900000)
 ParOldGen       total 78336K, used 43653K [0x0000000780000000, 0x0000000784c80000, 0x00000007aab00000)
  object space 78336K, 55% used [0x0000000780000000,0x0000000782aa1510,0x0000000784c80000)
 Metaspace       used 19044K, capacity 19235K, committed 19456K, reserved 1067008K
  class space    used 1874K, capacity 1950K, committed 2048K, reserved 1048576K
Event: 11.852 GC heap after
Heap after GC invocations=9 (full 1):
 PSYoungGen      total 132608K, used 17345K [0x00000007aab00000, 0x00000007b4900000, 0x00000007c0000000)
  eden space 115200K, 0% used [0x00000007aab00000,0x00000007aab00000,0x00000007b1b80000)
  from space 17408K, 99% used [0x00000007b3800000,0x00000007b48f0430,0x00000007b4900000)
  to   space 19968K, 0% used [0x00000007b2200000,0x00000007b2200000,0x00000007b3580000)
 ParOldGen       total 78336K, used 54413K [0x0000000780000000, 0x0000000784c80000, 0x00000007aab00000)
  object space 78336K, 69% used [0x0000000780000000,0x00000007835237b0,0x0000000784c80000)
 Metaspace       used 19044K, capacity 19235K, committed 19456K, reserved 1067008K
  class space    used 1874K, capacity 1950K, committed 2048K, reserved 1048576K
}
Event: 55.633 GC heap before
{Heap before GC invocations=10 (full 1):
 PSYoungGen      total 132608K, used 132545K [0x00000007aab00000, 0x00000007b4900000, 0x00000007c0000000)
  eden space 115200K, 100% used [0x00000007aab00000,0x00000007b1b80000,0x00000007b1b80000)
  from space 17408K, 99% used [0x00000007b3800000,0x00000007b48f0430,0x00000007b4900000)
  to   space 19968K, 0% used [0x00000007b2200000,0x00000007b2200000,0x00000007b3580000)
 ParOldGen       total 78336K, used 54413K [0x0000000780000000, 0x0000000784c80000, 0x00000007aab00000)
  object space 78336K, 69% used [0x0000000780000000,0x00000007835237b0,0x0000000784c80000)
 Metaspace       used 19330K, capacity 19491K, committed 19712K, reserved 1067008K
  class space    used 1875K, capacity 1950K, committed 2048K, reserved 1048576K
Event: 55.671 GC heap after
Heap after GC invocations=10 (full 1):
 PSYoungGen      total 141824K, used 19937K [0x00000007aab00000, 0x00000007b8a00000, 0x00000007c0000000)
  eden space 121856K, 0% used [0x00000007aab00000,0x00000007aab00000,0x00000007b2200000)
  from space 19968K, 99% used [0x00000007b2200000,0x00000007b35784d0,0x00000007b3580000)
  to   space 30208K, 0% used [0x00000007b6c80000,0x00000007b6c80000,0x00000007b8a00000)
 ParOldGen       total 78336K, used 73135K [0x0000000780000000, 0x0000000784c80000, 0x00000007aab00000)
  object space 78336K, 93% used [0x0000000780000000,0x000000078476bc40,0x0000000784c80000)
 Metaspace       used 19330K, capacity 19491K, committed 19712K, reserved 1067008K
  class space    used 1875K, capacity 1950K, committed 2048K, reserved 1048576K
}
Event: 55.671 GC heap before
{Heap before GC invocations=11 (full 2):
 PSYoungGen      total 141824K, used 19937K [0x00000007aab00000, 0x00000007b8a00000, 0x00000007c0000000)
  eden space 121856K, 0% used [0x00000007aab00000,0x00000007aab00000,0x00000007b2200000)
  from space 19968K, 99% used [0x00000007b2200000,0x00000007b35784d0,0x00000007b3580000)
  to   space 30208K, 0% used [0x00000007b6c80000,0x00000007b6c80000,0x00000007b8a00000)
 ParOldGen       total 78336K, used 73135K [0x0000000780000000, 0x0000000784c80000, 0x00000007aab00000)
  object space 78336K, 93% used [0x0000000780000000,0x000000078476bc40,0x0000000784c80000)
 Metaspace       used 19330K, capacity 19491K, committed 19712K, reserved 1067008K
  class space    used 1875K, capacity 1950K, committed 2048K, reserved 1048576K
Event: 55.766 GC heap after
Heap after GC invocations=11 (full 2):
 PSYoungGen      total 141824K, used 14663K [0x00000007aab00000, 0x00000007b8a00000, 0x00000007c0000000)
  eden space 121856K, 0% used [0x00000007aab00000,0x00000007aab00000,0x00000007b2200000)
  from space 19968K, 73% used [0x00000007b2200000,0x00000007b3051c20,0x00000007b3580000)
  to   space 30208K, 0% used [0x00000007b6c80000,0x00000007b6c80000,0x00000007b8a00000)
 ParOldGen       total 121856K, used 78310K [0x0000000780000000, 0x0000000787700000, 0x00000007aab00000)
  object space 121856K, 64% used [0x0000000780000000,0x0000000784c79a80,0x0000000787700000)
 Metaspace       used 19330K, capacity 19491K, committed 19712K, reserved 1067008K
  class space    used 1875K, capacity 1950K, committed 2048K, reserved 1048576K
}

Deoptimization events (10 events):
Event: 114.487 Thread 0x00007fdc6ace7800 Uncommon trap: reason=class_check action=maybe_recompile pc=0x000000010a4b8b60 method=java.awt.event.InvocationEvent.dispatch()V @ 11
Event: 114.491 Thread 0x00007fdc6a13b000 Uncommon trap: reason=class_check action=maybe_recompile pc=0x0000000109fc8140 method=com.jogamp.common.util.RunnableTask.run()V @ 24
Event: 114.492 Thread 0x00007fdc6a13b000 Uncommon trap: reason=unstable_if action=reinterpret pc=0x0000000109f919bc method=jogamp.nativewindow.macosx.OSXUtil.RunOnMainThread(ZZLjava/lang/Runnable;)V @ 3
Event: 114.518 Thread 0x00007fdc6ace7800 Uncommon trap: reason=unstable_if action=reinterpret pc=0x0000000109fcf044 method=jogamp.opengl.GLContextImpl.release(Z)V @ 161
Event: 114.522 Thread 0x00007fdc6ace7800 Uncommon trap: reason=unstable_if action=reinterpret pc=0x000000010a30e4b8 method=java.security.AccessControlContext.optimize()Ljava/security/AccessControlContext; @ 233
Event: 114.522 Thread 0x00007fdc69b50800 Uncommon trap: reason=class_check action=maybe_recompile pc=0x0000000109f937dc method=java.awt.Component.getGraphics()Ljava/awt/Graphics; @ 114
Event: 114.523 Thread 0x00007fdc69b50800 Uncommon trap: reason=unstable_if action=reinterpret pc=0x000000010a4651d8 method=sun.java2d.pipe.Region.intersectsQuickCheck(Lsun/java2d/pipe/Region;)Z @ 41
Event: 114.523 Thread 0x00007fdc6b231000 Uncommon trap: reason=predicate action=maybe_recompile pc=0x000000010a169908 method=java.util.Vector.indexOf(Ljava/lang/Object;I)I @ 44
Event: 114.523 Thread 0x00007fdc6ace7800 Uncommon trap: reason=class_check action=maybe_recompile pc=0x000000010a4b8b60 method=java.awt.event.InvocationEvent.dispatch()V @ 11
Event: 114.531 Thread 0x00007fdc6a13b000 Uncommon trap: reason=class_check action=maybe_recompile pc=0x0000000109fc8140 method=com.jogamp.common.util.RunnableTask.run()V @ 24

Internal exceptions (10 events):
Event: 13.363 Thread 0x00007fdc6e8df000 Exception <a 'java/lang/IllegalArgumentException'> (0x00000007af7291f0) thrown at [/Users/java_re/workspace/8-2-build-macosx-x86_64/jdk8u60/4407/hotspot/src/share/vm/prims/jvm.cpp, line 1390]
Event: 13.363 Thread 0x00007fdc6b221800 Exception <a 'java/lang/IllegalArgumentException'> (0x00000007af77b680) thrown at [/Users/java_re/workspace/8-2-build-macosx-x86_64/jdk8u60/4407/hotspot/src/share/vm/prims/jvm.cpp, line 1390]
Event: 13.363 Thread 0x00007fdc6b221800 Exception <a 'java/lang/IllegalArgumentException'> (0x00000007af77b680) thrown at [/Users/java_re/workspace/8-2-build-macosx-x86_64/jdk8u60/4407/hotspot/src/share/vm/prims/jvm.cpp, line 1390]
Event: 13.363 Thread 0x00007fdc6b221800 Exception <a 'java/lang/IllegalArgumentException'> (0x00000007af77b680) thrown at [/Users/java_re/workspace/8-2-build-macosx-x86_64/jdk8u60/4407/hotspot/src/share/vm/prims/jvm.cpp, line 1390]
Event: 13.364 Thread 0x00007fdc6b222000 Exception <a 'java/lang/IllegalArgumentException'> (0x00000007af7cdb10) thrown at [/Users/java_re/workspace/8-2-build-macosx-x86_64/jdk8u60/4407/hotspot/src/share/vm/prims/jvm.cpp, line 1390]
Event: 13.364 Thread 0x00007fdc6b222000 Exception <a 'java/lang/IllegalArgumentException'> (0x00000007af7cdb10) thrown at [/Users/java_re/workspace/8-2-build-macosx-x86_64/jdk8u60/4407/hotspot/src/share/vm/prims/jvm.cpp, line 1390]
Event: 13.364 Thread 0x00007fdc6b222000 Exception <a 'java/lang/IllegalArgumentException'> (0x00000007af7cdb10) thrown at [/Users/java_re/workspace/8-2-build-macosx-x86_64/jdk8u60/4407/hotspot/src/share/vm/prims/jvm.cpp, line 1390]
Event: 13.410 Thread 0x00007fdc6b236800 Exception <a 'java/lang/IllegalArgumentException'> (0x00000007af91ffe0) thrown at [/Users/java_re/workspace/8-2-build-macosx-x86_64/jdk8u60/4407/hotspot/src/share/vm/prims/jvm.cpp, line 1390]
Event: 13.410 Thread 0x00007fdc6b236800 Exception <a 'java/lang/IllegalArgumentException'> (0x00000007af91ffe0) thrown at [/Users/java_re/workspace/8-2-build-macosx-x86_64/jdk8u60/4407/hotspot/src/share/vm/prims/jvm.cpp, line 1390]
Event: 13.410 Thread 0x00007fdc6b236800 Exception <a 'java/lang/IllegalArgumentException'> (0x00000007af91ffe0) thrown at [/Users/java_re/workspace/8-2-build-macosx-x86_64/jdk8u60/4407/hotspot/src/share/vm/prims/jvm.cpp, line 1390]

Events (10 events):
Event: 114.523 Thread 0x00007fdc6b231000 DEOPT UNPACKING pc=0x0000000109c05229 sp=0x00007000011497b0 mode 2
Event: 114.523 Thread 0x00007fdc69b50800 DEOPT UNPACKING pc=0x0000000109c05229 sp=0x000070000175f880 mode 2
Event: 114.523 loading class java/awt/Window$1DisposeAction
Event: 114.523 loading class java/awt/Window$1DisposeAction done
Event: 114.523 Thread 0x00007fdc6ace7800 Uncommon trap: trap_request=0xffffffde fr.pc=0x000000010a4b8b60
Event: 114.523 Thread 0x00007fdc6ace7800 DEOPT PACKING pc=0x000000010a4b8b60 sp=0x0000700001965f70
Event: 114.523 Thread 0x00007fdc6ace7800 DEOPT UNPACKING pc=0x0000000109c05229 sp=0x0000700001965df8 mode 2
Event: 114.531 Thread 0x00007fdc6a13b000 Uncommon trap: trap_request=0xffffffde fr.pc=0x0000000109fc8140
Event: 114.531 Thread 0x00007fdc6a13b000 DEOPT PACKING pc=0x0000000109fc8140 sp=0x00007fff57a8e6d0
Event: 114.531 Thread 0x00007fdc6a13b000 DEOPT UNPACKING pc=0x0000000109c05229 sp=0x00007fff57a8e678 mode 2


Dynamic libraries:
0x0000000000f2a000 	/System/Library/Frameworks/Cocoa.framework/Versions/A/Cocoa
0x0000000000f2a000 	/System/Library/Frameworks/Security.framework/Versions/A/Security
0x0000000000f2a000 	/System/Library/Frameworks/ApplicationServices.framework/Versions/A/ApplicationServices
0x0000000000f2a000 	/usr/lib/libz.1.dylib
0x0000000000f2a000 	/usr/lib/libSystem.B.dylib
0x0000000000f2a000 	/usr/lib/libobjc.A.dylib
0x0000000000f2a000 	/System/Library/Frameworks/CoreFoundation.framework/Versions/A/CoreFoundation
0x0000000000f2a000 	/System/Library/Frameworks/Foundation.framework/Versions/C/Foundation
0x0000000000f2a000 	/System/Library/Frameworks/AppKit.framework/Versions/C/AppKit
0x0000000000f2a000 	/System/Library/Frameworks/CoreData.framework/Versions/A/CoreData
0x0000000000f2a000 	/System/Library/PrivateFrameworks/RemoteViewServices.framework/Versions/A/RemoteViewServices
0x0000000000f2a000 	/System/Library/PrivateFrameworks/UIFoundation.framework/Versions/A/UIFoundation
0x0000000000f2a000 	/usr/lib/libScreenReader.dylib
0x0000000000f2a000 	/System/Library/Frameworks/Accelerate.framework/Versions/A/Accelerate
0x0000000000f2a000 	/System/Library/Frameworks/IOSurface.framework/Versions/A/IOSurface
0x0000000000f2a000 	/System/Library/Frameworks/AudioToolbox.framework/Versions/A/AudioToolbox
0x0000000000f2a000 	/System/Library/Frameworks/AudioUnit.framework/Versions/A/AudioUnit
0x0000000000f2a000 	/System/Library/PrivateFrameworks/DataDetectorsCore.framework/Versions/A/DataDetectorsCore
0x0000000000f2a000 	/System/Library/PrivateFrameworks/DesktopServicesPriv.framework/Versions/A/DesktopServicesPriv
0x0000000000f2a000 	/System/Library/Frameworks/Carbon.framework/Versions/A/Frameworks/HIToolbox.framework/Versions/A/HIToolbox
0x0000000000f2a000 	/System/Library/Frameworks/QuartzCore.framework/Versions/A/QuartzCore
0x0000000000f2a000 	/System/Library/Frameworks/Carbon.framework/Versions/A/Frameworks/SpeechRecognition.framework/Versions/A/SpeechRecognition
0x0000000000f2a000 	/usr/lib/libauto.dylib
0x0000000000f2a000 	/usr/lib/libicucore.A.dylib
0x0000000000f2a000 	/usr/lib/libxml2.2.dylib
0x0000000000f2a000 	/System/Library/PrivateFrameworks/CoreUI.framework/Versions/A/CoreUI
0x0000000000f2a000 	/System/Library/Frameworks/CoreAudio.framework/Versions/A/CoreAudio
0x0000000000f2a000 	/System/Library/Frameworks/DiskArbitration.framework/Versions/A/DiskArbitration
0x0000000000f2a000 	/usr/lib/liblangid.dylib
0x0000000000f2a000 	/System/Library/PrivateFrameworks/MultitouchSupport.framework/Versions/A/MultitouchSupport
0x0000000000f2a000 	/System/Library/Frameworks/IOKit.framework/Versions/A/IOKit
0x0000000000f2a000 	/usr/lib/libDiagnosticMessagesClient.dylib
0x0000000000f2a000 	/System/Library/Frameworks/CoreServices.framework/Versions/A/CoreServices
0x0000000000f2a000 	/System/Library/PrivateFrameworks/PerformanceAnalysis.framework/Versions/A/PerformanceAnalysis
0x0000000000f2a000 	/System/Library/PrivateFrameworks/GenerationalStorage.framework/Versions/A/GenerationalStorage
0x0000000000f2a000 	/System/Library/Frameworks/OpenGL.framework/Versions/A/OpenGL
0x0000000000f2a000 	/System/Library/PrivateFrameworks/Sharing.framework/Versions/A/Sharing
0x0000000000f2a000 	/System/Library/Frameworks/CoreGraphics.framework/Versions/A/CoreGraphics
0x0000000000f2a000 	/System/Library/Frameworks/CoreImage.framework/Versions/A/CoreImage
0x0000000000f2a000 	/System/Library/Frameworks/CoreText.framework/Versions/A/CoreText
0x0000000000f2a000 	/System/Library/Frameworks/ImageIO.framework/Versions/A/ImageIO
0x0000000000f2a000 	/System/Library/PrivateFrameworks/Backup.framework/Versions/A/Backup
0x0000000000f2a000 	/usr/lib/libextension.dylib
0x0000000000f2a000 	/usr/lib/libarchive.2.dylib
0x0000000000f2a000 	/System/Library/Frameworks/CFNetwork.framework/Versions/A/CFNetwork
0x0000000000f2a000 	/System/Library/Frameworks/SystemConfiguration.framework/Versions/A/SystemConfiguration
0x0000000000f2a000 	/usr/lib/libCRFSuite.dylib
0x0000000000f2a000 	/usr/lib/libc++.1.dylib
0x0000000000f2a000 	/usr/lib/libc++abi.dylib
0x0000000000f2a000 	/usr/lib/system/libcache.dylib
0x0000000000f2a000 	/usr/lib/system/libcommonCrypto.dylib
0x0000000000f2a000 	/usr/lib/system/libcompiler_rt.dylib
0x0000000000f2a000 	/usr/lib/system/libcopyfile.dylib
0x0000000000f2a000 	/usr/lib/system/libcorecrypto.dylib
0x0000000000f2a000 	/usr/lib/system/libdispatch.dylib
0x0000000000f2a000 	/usr/lib/system/libdyld.dylib
0x0000000000f2a000 	/usr/lib/system/libkeymgr.dylib
0x0000000000f2a000 	/usr/lib/system/liblaunch.dylib
0x0000000000f2a000 	/usr/lib/system/libmacho.dylib
0x0000000000f2a000 	/usr/lib/system/libquarantine.dylib
0x0000000000f2a000 	/usr/lib/system/libremovefile.dylib
0x0000000000f2a000 	/usr/lib/system/libsystem_asl.dylib
0x0000000000f2a000 	/usr/lib/system/libsystem_blocks.dylib
0x0000000000f2a000 	/usr/lib/system/libsystem_c.dylib
0x0000000000f2a000 	/usr/lib/system/libsystem_configuration.dylib
0x0000000000f2a000 	/usr/lib/system/libsystem_coreservices.dylib
0x0000000000f2a000 	/usr/lib/system/libsystem_coretls.dylib
0x0000000000f2a000 	/usr/lib/system/libsystem_dnssd.dylib
0x0000000000f2a000 	/usr/lib/system/libsystem_info.dylib
0x0000000000f2a000 	/usr/lib/system/libsystem_kernel.dylib
0x0000000000f2a000 	/usr/lib/system/libsystem_m.dylib
0x0000000000f2a000 	/usr/lib/system/libsystem_malloc.dylib
0x0000000000f2a000 	/usr/lib/system/libsystem_network.dylib
0x0000000000f2a000 	/usr/lib/system/libsystem_networkextension.dylib
0x0000000000f2a000 	/usr/lib/system/libsystem_notify.dylib
0x0000000000f2a000 	/usr/lib/system/libsystem_platform.dylib
0x0000000000f2a000 	/usr/lib/system/libsystem_pthread.dylib
0x0000000000f2a000 	/usr/lib/system/libsystem_sandbox.dylib
0x0000000000f2a000 	/usr/lib/system/libsystem_secinit.dylib
0x0000000000f2a000 	/usr/lib/system/libsystem_trace.dylib
0x0000000000f2a000 	/usr/lib/system/libunc.dylib
0x0000000000f2a000 	/usr/lib/system/libunwind.dylib
0x0000000000f2a000 	/usr/lib/system/libxpc.dylib
0x0000000000f2a000 	/usr/lib/libenergytrace.dylib
0x0000000000f2a000 	/usr/lib/libbsm.0.dylib
0x0000000000f2a000 	/usr/lib/system/libkxld.dylib
0x0000000000f2a000 	/usr/lib/libxar.1.dylib
0x0000000000f2a000 	/usr/lib/libsqlite3.dylib
0x0000000000f2a000 	/usr/lib/libpam.2.dylib
0x0000000000f2a000 	/usr/lib/libOpenScriptingUtil.dylib
0x0000000000f2a000 	/usr/lib/libbz2.1.0.dylib
0x0000000000f2a000 	/usr/lib/liblzma.5.dylib
0x0000000000f2a000 	/System/Library/Frameworks/CoreServices.framework/Versions/A/Frameworks/FSEvents.framework/Versions/A/FSEvents
0x0000000000f2a000 	/System/Library/Frameworks/CoreServices.framework/Versions/A/Frameworks/CarbonCore.framework/Versions/A/CarbonCore
0x0000000000f2a000 	/System/Library/Frameworks/CoreServices.framework/Versions/A/Frameworks/Metadata.framework/Versions/A/Metadata
0x0000000000f2a000 	/System/Library/Frameworks/CoreServices.framework/Versions/A/Frameworks/OSServices.framework/Versions/A/OSServices
0x0000000000f2a000 	/System/Library/Frameworks/CoreServices.framework/Versions/A/Frameworks/SearchKit.framework/Versions/A/SearchKit
0x0000000000f2a000 	/System/Library/Frameworks/CoreServices.framework/Versions/A/Frameworks/AE.framework/Versions/A/AE
0x0000000000f2a000 	/System/Library/Frameworks/CoreServices.framework/Versions/A/Frameworks/LaunchServices.framework/Versions/A/LaunchServices
0x0000000000f2a000 	/System/Library/Frameworks/CoreServices.framework/Versions/A/Frameworks/DictionaryServices.framework/Versions/A/DictionaryServices
0x0000000000f2a000 	/System/Library/Frameworks/CoreServices.framework/Versions/A/Frameworks/SharedFileList.framework/Versions/A/SharedFileList
0x0000000000f2a000 	/System/Library/Frameworks/NetFS.framework/Versions/A/NetFS
0x0000000000f2a000 	/System/Library/PrivateFrameworks/NetAuth.framework/Versions/A/NetAuth
0x0000000000f2a000 	/System/Library/PrivateFrameworks/login.framework/Versions/A/Frameworks/loginsupport.framework/Versions/A/loginsupport
0x0000000000f2a000 	/System/Library/PrivateFrameworks/TCC.framework/Versions/A/TCC
0x0000000000f2a000 	/usr/lib/libmecabra.dylib
0x0000000000f2a000 	/System/Library/Frameworks/ApplicationServices.framework/Versions/A/Frameworks/ATS.framework/Versions/A/ATS
0x0000000000f2a000 	/System/Library/Frameworks/ApplicationServices.framework/Versions/A/Frameworks/ColorSync.framework/Versions/A/ColorSync
0x0000000000f2a000 	/System/Library/Frameworks/ApplicationServices.framework/Versions/A/Frameworks/HIServices.framework/Versions/A/HIServices
0x0000000000f2a000 	/System/Library/Frameworks/ApplicationServices.framework/Versions/A/Frameworks/LangAnalysis.framework/Versions/A/LangAnalysis
0x0000000000f2a000 	/System/Library/Frameworks/ApplicationServices.framework/Versions/A/Frameworks/PrintCore.framework/Versions/A/PrintCore
0x0000000000f2a000 	/System/Library/Frameworks/ApplicationServices.framework/Versions/A/Frameworks/QD.framework/Versions/A/QD
0x0000000000f2a000 	/System/Library/Frameworks/ApplicationServices.framework/Versions/A/Frameworks/SpeechSynthesis.framework/Versions/A/SpeechSynthesis
0x0000000000f2a000 	/System/Library/Frameworks/Metal.framework/Versions/A/Metal
0x0000000000f2a000 	/System/Library/Frameworks/Accelerate.framework/Versions/A/Frameworks/vImage.framework/Versions/A/vImage
0x0000000000f2a000 	/System/Library/Frameworks/Accelerate.framework/Versions/A/Frameworks/vecLib.framework/Versions/A/vecLib
0x0000000000f2a000 	/System/Library/Frameworks/Accelerate.framework/Versions/A/Frameworks/vecLib.framework/Versions/A/libvDSP.dylib
0x0000000000f2a000 	/System/Library/Frameworks/Accelerate.framework/Versions/A/Frameworks/vecLib.framework/Versions/A/libvMisc.dylib
0x0000000000f2a000 	/System/Library/Frameworks/Accelerate.framework/Versions/A/Frameworks/vecLib.framework/Versions/A/libLAPACK.dylib
0x0000000000f2a000 	/System/Library/Frameworks/Accelerate.framework/Versions/A/Frameworks/vecLib.framework/Versions/A/libBLAS.dylib
0x0000000000f2a000 	/System/Library/Frameworks/Accelerate.framework/Versions/A/Frameworks/vecLib.framework/Versions/A/libLinearAlgebra.dylib
0x0000000000f2a000 	/System/Library/Frameworks/Accelerate.framework/Versions/A/Frameworks/vecLib.framework/Versions/A/libSparseBLAS.dylib
0x0000000000f2a000 	/System/Library/PrivateFrameworks/GPUCompiler.framework/libmetal_timestamp.dylib
0x0000000000f2a000 	/System/Library/Frameworks/OpenGL.framework/Versions/A/Libraries/libCoreFSCache.dylib
0x0000000000f2a000 	/System/Library/PrivateFrameworks/IOAccelerator.framework/Versions/A/IOAccelerator
0x0000000000f2a000 	/System/Library/Frameworks/ApplicationServices.framework/Versions/A/Frameworks/ATS.framework/Versions/A/Resources/libFontParser.dylib
0x0000000000f2a000 	/System/Library/Frameworks/ApplicationServices.framework/Versions/A/Frameworks/ATS.framework/Versions/A/Resources/libFontRegistry.dylib
0x0000000000f2a000 	/System/Library/PrivateFrameworks/AppleVPA.framework/Versions/A/AppleVPA
0x0000000000f2a000 	/System/Library/PrivateFrameworks/AppleJPEG.framework/Versions/A/AppleJPEG
0x0000000000f2a000 	/System/Library/Frameworks/ImageIO.framework/Versions/A/Resources/libJPEG.dylib
0x0000000000f2a000 	/System/Library/Frameworks/ImageIO.framework/Versions/A/Resources/libTIFF.dylib
0x0000000000f2a000 	/System/Library/Frameworks/ImageIO.framework/Versions/A/Resources/libPng.dylib
0x0000000000f2a000 	/System/Library/Frameworks/ImageIO.framework/Versions/A/Resources/libGIF.dylib
0x0000000000f2a000 	/System/Library/Frameworks/ImageIO.framework/Versions/A/Resources/libJP2.dylib
0x0000000000f2a000 	/System/Library/Frameworks/ImageIO.framework/Versions/A/Resources/libRadiance.dylib
0x0000000000f2a000 	/System/Library/Frameworks/CoreVideo.framework/Versions/A/CoreVideo
0x0000000000f2a000 	/System/Library/Frameworks/OpenGL.framework/Versions/A/Libraries/libGLU.dylib
0x0000000000f2a000 	/System/Library/Frameworks/OpenGL.framework/Versions/A/Libraries/libGFXShared.dylib
0x0000000000f2a000 	/System/Library/Frameworks/OpenGL.framework/Versions/A/Libraries/libGL.dylib
0x0000000000f2a000 	/System/Library/Frameworks/OpenGL.framework/Versions/A/Libraries/libGLImage.dylib
0x0000000000f2a000 	/System/Library/Frameworks/OpenGL.framework/Versions/A/Libraries/libCVMSPluginSupport.dylib
0x0000000000f2a000 	/System/Library/Frameworks/OpenGL.framework/Versions/A/Libraries/libCoreVMClient.dylib
0x0000000000f2a000 	/usr/lib/libcompression.dylib
0x0000000000f2a000 	/usr/lib/libcups.2.dylib
0x0000000000f2a000 	/System/Library/Frameworks/Kerberos.framework/Versions/A/Kerberos
0x0000000000f2a000 	/System/Library/Frameworks/GSS.framework/Versions/A/GSS
0x0000000000f2a000 	/usr/lib/libresolv.9.dylib
0x0000000000f2a000 	/usr/lib/libiconv.2.dylib
0x0000000000f2a000 	/System/Library/PrivateFrameworks/Heimdal.framework/Versions/A/Heimdal
0x0000000000f2a000 	/usr/lib/libheimdal-asn1.dylib
0x0000000000f2a000 	/System/Library/Frameworks/OpenDirectory.framework/Versions/A/OpenDirectory
0x0000000000f2a000 	/System/Library/PrivateFrameworks/CommonAuth.framework/Versions/A/CommonAuth
0x0000000000f2a000 	/System/Library/Frameworks/OpenDirectory.framework/Versions/A/Frameworks/CFOpenDirectory.framework/Versions/A/CFOpenDirectory
0x0000000000f2a000 	/System/Library/Frameworks/SecurityFoundation.framework/Versions/A/SecurityFoundation
0x0000000000f2a000 	/System/Library/PrivateFrameworks/LanguageModeling.framework/Versions/A/LanguageModeling
0x0000000000f2a000 	/usr/lib/libmarisa.dylib
0x0000000000f2a000 	/usr/lib/libChineseTokenizer.dylib
0x0000000000f2a000 	/usr/lib/libcmph.dylib
0x0000000000f2a000 	/System/Library/Frameworks/ServiceManagement.framework/Versions/A/ServiceManagement
0x0000000000f2a000 	/usr/lib/libxslt.1.dylib
0x0000000000f2a000 	/System/Library/Frameworks/Carbon.framework/Versions/A/Frameworks/Ink.framework/Versions/A/Ink
0x0000000000f2a000 	/usr/lib/libFosl_dynamic.dylib
0x0000000000f2a000 	/System/Library/PrivateFrameworks/FaceCore.framework/Versions/A/FaceCore
0x0000000000f2a000 	/System/Library/Frameworks/OpenCL.framework/Versions/A/OpenCL
0x0000000000f2a000 	/System/Library/PrivateFrameworks/CrashReporterSupport.framework/Versions/A/CrashReporterSupport
0x0000000000f2a000 	/System/Library/PrivateFrameworks/IconServices.framework/Versions/A/IconServices
0x0000000000f2a000 	/System/Library/PrivateFrameworks/Apple80211.framework/Versions/A/Apple80211
0x0000000000f2a000 	/System/Library/Frameworks/CoreWLAN.framework/Versions/A/CoreWLAN
0x0000000000f2a000 	/System/Library/Frameworks/IOBluetooth.framework/Versions/A/IOBluetooth
0x0000000000f2a000 	/System/Library/PrivateFrameworks/CoreWiFi.framework/Versions/A/CoreWiFi
0x0000000000f2a000 	/System/Library/Frameworks/CoreBluetooth.framework/Versions/A/CoreBluetooth
0x0000000000f2a000 	/System/Library/PrivateFrameworks/ChunkingLibrary.framework/Versions/A/ChunkingLibrary
0x0000000000f2a000 	/System/Library/PrivateFrameworks/DebugSymbols.framework/Versions/A/DebugSymbols
0x0000000000f2a000 	/System/Library/PrivateFrameworks/CoreSymbolication.framework/Versions/A/CoreSymbolication
0x0000000000f2a000 	/System/Library/PrivateFrameworks/Symbolication.framework/Versions/A/Symbolication
0x0000000000f2a000 	/System/Library/PrivateFrameworks/SpeechRecognitionCore.framework/Versions/A/SpeechRecognitionCore
0x00000001083b9000 	/System/Library/CoreServices/Encodings/libSimplifiedChineseConverter.dylib
0x00000001083fd000 	/Library/Java/JavaVirtualMachines/jdk1.8.0_60.jdk/Contents/Home/jre/lib/server/libjvm.dylib
0x0000000000f2a000 	/usr/lib/libstdc++.6.dylib
0x000000010938a000 	/Library/Java/JavaVirtualMachines/jdk1.8.0_60.jdk/Contents/Home/jre/lib/libverify.dylib
0x0000000109398000 	/Library/Java/JavaVirtualMachines/jdk1.8.0_60.jdk/Contents/Home/jre/lib/libjava.dylib
0x00000001093d7000 	/Library/Java/JavaVirtualMachines/jdk1.8.0_60.jdk/Contents/Home/jre/lib/libzip.dylib
0x000000011cfe5000 	/System/Library/Frameworks/JavaVM.framework/Frameworks/JavaRuntimeSupport.framework/JavaRuntimeSupport
0x000000011d000000 	/System/Library/Frameworks/JavaVM.framework/Versions/A/Frameworks/JavaNativeFoundation.framework/Versions/A/JavaNativeFoundation
0x000000011d015000 	/System/Library/Frameworks/JavaVM.framework/Versions/A/JavaVM
0x0000000000f2a000 	/System/Library/Frameworks/Carbon.framework/Versions/A/Carbon
0x000000011d022000 	/System/Library/PrivateFrameworks/JavaLaunching.framework/Versions/A/JavaLaunching
0x0000000000f2a000 	/System/Library/Frameworks/Carbon.framework/Versions/A/Frameworks/CommonPanels.framework/Versions/A/CommonPanels
0x0000000000f2a000 	/System/Library/Frameworks/Carbon.framework/Versions/A/Frameworks/Help.framework/Versions/A/Help
0x0000000000f2a000 	/System/Library/Frameworks/Carbon.framework/Versions/A/Frameworks/ImageCapture.framework/Versions/A/ImageCapture
0x0000000000f2a000 	/System/Library/Frameworks/Carbon.framework/Versions/A/Frameworks/OpenScripting.framework/Versions/A/OpenScripting
0x0000000000f2a000 	/System/Library/Frameworks/Carbon.framework/Versions/A/Frameworks/Print.framework/Versions/A/Print
0x0000000000f2a000 	/System/Library/Frameworks/Carbon.framework/Versions/A/Frameworks/SecurityHI.framework/Versions/A/SecurityHI
0x000000011e982000 	/Library/Java/JavaVirtualMachines/jdk1.8.0_60.jdk/Contents/Home/jre/lib/libawt.dylib
0x000000011ea2a000 	/Library/Java/JavaVirtualMachines/jdk1.8.0_60.jdk/Contents/Home/jre/lib/./libmlib_image.dylib
0x000000011eaf6000 	/Library/Java/JavaVirtualMachines/jdk1.8.0_60.jdk/Contents/Home/jre/lib/libawt_lwawt.dylib
0x000000011ebab000 	/Library/Java/JavaVirtualMachines/jdk1.8.0_60.jdk/Contents/Home/jre/lib/./libosxapp.dylib
0x0000000000f2a000 	/System/Library/Frameworks/ExceptionHandling.framework/Versions/A/ExceptionHandling
0x0000000000f2a000 	/System/Library/PrivateFrameworks/CoreServicesInternal.framework/Versions/A/CoreServicesInternal
0x0000000000f2a000 	/System/Library/Frameworks/CoreGraphics.framework/Versions/A/Resources/libRIP.A.dylib
0x0000000000f2a000 	/System/Library/Frameworks/Accelerate.framework/Versions/A/Frameworks/vImage.framework/Versions/A/Libraries/libCGInterfaces.dylib
0x0000000000f2a000 	/System/Library/Frameworks/CoreGraphics.framework/Versions/A/Resources/libCGXType.A.dylib
0x0000000000f2a000 	/System/Library/Frameworks/OpenCL.framework/Versions/A/Libraries/libcldcpuengine.dylib
0x0000000000f2a000 	/System/Library/PrivateFrameworks/DiskImages.framework/Versions/A/DiskImages
0x0000000000f2a000 	/System/Library/Frameworks/DiscRecording.framework/Versions/A/DiscRecording
0x0000000000f2a000 	/usr/lib/libcsfde.dylib
0x0000000000f2a000 	/usr/lib/libcurl.4.dylib
0x0000000000f2a000 	/System/Library/PrivateFrameworks/MediaKit.framework/Versions/A/MediaKit
0x0000000000f2a000 	/System/Library/PrivateFrameworks/ProtectedCloudStorage.framework/Versions/A/ProtectedCloudStorage
0x0000000000f2a000 	/usr/lib/libCoreStorage.dylib
0x0000000000f2a000 	/System/Library/PrivateFrameworks/EFILogin.framework/Versions/A/EFILogin
0x0000000000f2a000 	/usr/lib/libutil.dylib
0x0000000000f2a000 	/System/Library/PrivateFrameworks/FindMyDevice.framework/Versions/A/FindMyDevice
0x0000000000f2a000 	/System/Library/Frameworks/LDAP.framework/Versions/A/LDAP
0x0000000000f2a000 	/usr/lib/libsasl2.2.dylib
0x0000000000f2a000 	/System/Library/PrivateFrameworks/CoreDaemon.framework/Versions/B/CoreDaemon
0x0000000000f2a000 	/usr/lib/libcrypto.0.9.8.dylib
0x0000000000f2a000 	/System/Library/PrivateFrameworks/AppleSRP.framework/Versions/A/AppleSRP
0x0000000000f2a000 	/System/Library/PrivateFrameworks/TrustEvaluationAgent.framework/Versions/A/TrustEvaluationAgent
0x00000001203b9000 	cl_kernels
0x0000000000f2a000 	/System/Library/Frameworks/OpenCL.framework/Versions/A/Libraries/ImageFormats/unorm8_bgra.dylib
0x0000000000f2a000 	/System/Library/Frameworks/OpenCL.framework/Versions/A/Libraries/ImageFormats/unorm8_rgba.dylib
0x0000000000f2a000 	/System/Library/PrivateFrameworks/FamilyControls.framework/Versions/A/FamilyControls
0x0000000000f2a000 	/System/Library/PrivateFrameworks/CommerceKit.framework/Versions/A/Frameworks/CommerceCore.framework/Versions/A/CommerceCore
0x0000000000f2a000 	/System/Library/PrivateFrameworks/SystemAdministration.framework/Versions/A/SystemAdministration
0x0000000000f2a000 	/System/Library/PrivateFrameworks/AppContainer.framework/Versions/A/AppContainer
0x0000000000f2a000 	/System/Library/PrivateFrameworks/SecCodeWrapper.framework/Versions/A/SecCodeWrapper
0x0000000000f2a000 	/System/Library/Frameworks/DirectoryService.framework/Versions/A/DirectoryService
0x0000000000f2a000 	/System/Library/PrivateFrameworks/LoginUIKit.framework/Versions/A/Frameworks/LoginUICore.framework/Versions/A/LoginUICore
0x0000000000f2a000 	/usr/lib/libodfde.dylib
0x0000000000f2a000 	/System/Library/Frameworks/OpenGL.framework/Versions/A/Resources/GLEngine.bundle/GLEngine
0x0000000000f2a000 	/System/Library/Frameworks/OpenGL.framework/Versions/A/Libraries/libGLProgrammability.dylib
0x00000001213d3000 	/System/Library/Extensions/AppleIntelHD4000GraphicsGLDriver.bundle/Contents/MacOS/AppleIntelHD4000GraphicsGLDriver
0x0000000000f2a000 	/System/Library/PrivateFrameworks/GPUSupport.framework/Versions/A/Libraries/libGPUSupportMercury.dylib
0x0000000000f2a000 	/System/Library/Frameworks/OpenGL.framework/Versions/A/Resources/GLRendererFloat.bundle/GLRendererFloat
0x000000012231d000 	/Library/Java/JavaVirtualMachines/jdk1.8.0_60.jdk/Contents/Home/jre/lib/libfontmanager.dylib
0x000000012847f000 	/Library/Java/JavaVirtualMachines/jdk1.8.0_60.jdk/Contents/Home/jre/lib/libosxui.dylib
0x000000012918e000 	/Library/Java/JavaVirtualMachines/jdk1.8.0_60.jdk/Contents/Home/jre/lib/libnet.dylib
0x00000001291ed000 	/Library/Java/JavaVirtualMachines/jdk1.8.0_60.jdk/Contents/Home/jre/lib/libnio.dylib
0x0000000000f2a000 	/System/Library/Frameworks/ApplicationServices.framework/Versions/A/Frameworks/ATS.framework/Versions/A/Resources/libTrueTypeScaler.dylib
0x000000018b2d4000 	/System/Library/Extensions/AppleIntelHD4000GraphicsMTLDriver.bundle/Contents/MacOS/AppleIntelHD4000GraphicsMTLDriver
0x000000011f965000 	/private/var/folders/p9/f2k8tf91787dq41zbzy2vwz40000gn/T/jogamp_0000/file_cache/jln4002609618523960699/jln5231886175082323337/libgluegen-rt.jnilib
0x000000011f96a000 	/private/var/folders/p9/f2k8tf91787dq41zbzy2vwz40000gn/T/jogamp_0000/file_cache/jln4002609618523960699/jln5231886175082323337/libnativewindow_awt.jnilib
0x000000011f96d000 	/Library/Java/JavaVirtualMachines/jdk1.8.0_60.jdk/Contents/Home/jre/lib/libjawt.dylib
0x000000011f970000 	/private/var/folders/p9/f2k8tf91787dq41zbzy2vwz40000gn/T/jogamp_0000/file_cache/jln4002609618523960699/jln5231886175082323337/libnativewindow_macosx.jnilib
0x000000018cb2b000 	/private/var/folders/p9/f2k8tf91787dq41zbzy2vwz40000gn/T/jogamp_0000/file_cache/jln4002609618523960699/jln5231886175082323337/libjogl_desktop.jnilib

VM Arguments:
jvm_args: -Dhttp.proxyHost=*server1.host.com* -Dhttp.proxyPort=*8080* -Djava.security.policy=java.policy.applet -Dfile.encoding=UTF-8 
java_command: sun.applet.AppletViewer HelloUCSDWorld1470803327224.html
java_class_path (initial): /Users/lING/Documents/workspace/UCSDUnfoldingMaps/build:/Users/lING/Documents/workspace/UCSDUnfoldingMaps/lib/core.jar:/Users/lING/Documents/workspace/UCSDUnfoldingMaps/lib/gluegen-rt.jar:/Users/lING/Documents/workspace/UCSDUnfoldingMaps/lib/jogl-all.jar:/Users/lING/Documents/workspace/UCSDUnfoldingMaps/lib/log4j-1.2.15.jar:/Users/lING/Documents/workspace/UCSDUnfoldingMaps/lib/sqlite-jdbc-3.7.2.jar:/Users/lING/Documents/workspace/UCSDUnfoldingMaps/lib/json4processing.jar:/Users/lING/Documents/workspace/UCSDUnfoldingMaps/lib/libTUIO.jar:/Users/lING/Documents/workspace/UCSDUnfoldingMaps/lib/unfolding.0.9.7-uscd.jar
Launcher Type: SUN_STANDARD

Environment Variables:
PATH=/usr/bin:/bin:/usr/sbin:/sbin
SHELL=/bin/bash

Signal Handlers:
SIGSEGV: [libjvm.dylib+0x5a6d31], sa_mask[0]=11111111011111110111111111111111, sa_flags=SA_ONSTACK|SA_RESTART|SA_SIGINFO
SIGBUS: [libjvm.dylib+0x5a6d31], sa_mask[0]=11111111011111110111111111111111, sa_flags=SA_RESTART|SA_SIGINFO
SIGFPE: [libjvm.dylib+0x480a4c], sa_mask[0]=11111111011111110111111111111111, sa_flags=SA_RESTART|SA_SIGINFO
SIGPIPE: [libjvm.dylib+0x480a4c], sa_mask[0]=11111111011111110111111111111111, sa_flags=SA_RESTART|SA_SIGINFO
SIGXFSZ: [libjvm.dylib+0x480a4c], sa_mask[0]=11111111011111110111111111111111, sa_flags=SA_RESTART|SA_SIGINFO
SIGILL: [libjvm.dylib+0x480a4c], sa_mask[0]=11111111011111110111111111111111, sa_flags=SA_RESTART|SA_SIGINFO
SIGUSR1: SIG_DFL, sa_mask[0]=00000000000000000000000000000000, sa_flags=none
SIGUSR2: [libjvm.dylib+0x48056a], sa_mask[0]=00100000000000000000000000000000, sa_flags=SA_RESTART|SA_SIGINFO
SIGHUP: [libjvm.dylib+0x47eb41], sa_mask[0]=11111111011111110111111111111111, sa_flags=SA_RESTART|SA_SIGINFO
SIGINT: [libjvm.dylib+0x47eb41], sa_mask[0]=11111111011111110111111111111111, sa_flags=SA_RESTART|SA_SIGINFO
SIGTERM: [libjvm.dylib+0x47eb41], sa_mask[0]=11111111011111110111111111111111, sa_flags=SA_RESTART|SA_SIGINFO
SIGQUIT: [libjvm.dylib+0x47eb41], sa_mask[0]=11111111011111110111111111111111, sa_flags=SA_RESTART|SA_SIGINFO


---------------  S Y S T E M  ---------------

OS:Bsduname:Darwin 15.5.0 Darwin Kernel Version 15.5.0: Tue Apr 19 18:36:36 PDT 2016; root:xnu-3248.50.21~8/RELEASE_X86_64 x86_64
rlimit: STACK 8192k, CORE 0k, NPROC 709, NOFILE 10240, AS infinity
load average:3.44 3.66 2.93

CPU:total 4 (2 cores per cpu, 2 threads per core) family 6 model 58 stepping 9, cmov, cx8, fxsr, mmx, sse, sse2, sse3, ssse3, sse4.1, sse4.2, popcnt, avx, aes, clmul, erms, ht, tsc, tscinvbit, tscinv

Memory: 4k page, physical 4194304k(322272k free)

/proc/meminfo:


vm_info: Java HotSpot(TM) 64-Bit Server VM (25.60-b23) for bsd-amd64 JRE (1.8.0_60-b27), built on Aug  4 2015 10:47:24 by "java_re" with gcc 4.2.1 (Based on Apple Inc. build 5658) (LLVM build 2336.11.00)

time: Tue Aug  9 21:30:42 2016
elapsed time: 114 seconds (0d 0h 1m 54s)

