#
# A fatal error has been detected by the Java Runtime Environment:
#
#  SIGSEGV (0xb) at pc=0x00007fff83f534dd, pid=6769, tid=2571
#
# JRE version: Java(TM) SE Runtime Environment (8.0_60-b27) (build 1.8.0_60-b27)
# Java VM: Java HotSpot(TM) 64-Bit Server VM (25.60-b23 mixed mode bsd-amd64 compressed oops)
# Problematic frame:
# C  [libobjc.A.dylib+0x14dd]  objc_msgSend+0x1d
#
# Failed to write core dump. Core dumps have been disabled. To enable core dumping, try "ulimit -c unlimited" before starting Java again
#
# If you would like to submit a bug report, please visit:
#   http://bugreport.java.com/bugreport/crash.jsp
# The crash happened outside the Java Virtual Machine in native code.
# See problematic frame for where to report the bug.
#

---------------  T H R E A D  ---------------

Current thread (0x00007fe5810f2000):  JavaThread "AWT-AppKit" daemon [_thread_in_native, id=2571, stack(0x00007fff59949000,0x00007fff5a149000)]

siginfo: si_signo: 11 (SIGSEGV), si_code: 1 (SEGV_MAPERR), si_addr: 0x0000000000000018

Registers:
RAX=0x00007fe5859e1020, RBX=0x0000000188b41450, RCX=0x0000000120e20160, RDX=0x0000000120e20580
RSP=0x00007fff5a1443a8, RBP=0x00007fff5a144460, RSI=0x00007fff84860cde, RDI=0x00007fe585bb6cc0
R8 =0x0000000000000000, R9 =0x00000000000008b0, R10=0x00007fff84860cde, R11=0x0000000000000000
R12=0x0000000000000000, R13=0x000000018a5adc60, R14=0x0000000188b41440, R15=0x00007fe5810f2000
RIP=0x00007fff83f534dd, EFLAGS=0x0000000000010246, ERR=0x0000000000000004
  TRAPNO=0x000000000000000e

Top of Stack: (sp=0x00007fff5a1443a8)
0x00007fff5a1443a8:   0000000188b3f157 00007fff5a144400
0x00007fff5a1443b8:   0000000000000003 00007fff5a1443e0
0x00007fff5a1443c8:   00000001067f1992 000000018a5adc60
0x00007fff5a1443d8:   000000018a5adc60 00007fe5859e1020
0x00007fff5a1443e8:   0000000188b416a0 0000000188b41710
0x00007fff5a1443f8:   00007fff7349c770 00007fff711fc500
0x00007fff5a144408:   0000000188b41450 0000000188b41690
0x00007fff5a144418:   00007fe5859e1020 00007fe585bb6cc0
0x00007fff5a144428:   00007fe585c91980 00007fe5859e1020
0x00007fff5a144438:   00007fe585bb6cc0 00007fff5a1444e8
0x00007fff5a144448:   00007fe5810f21f8 000000018a5adc60
0x00007fff5a144458:   00007fff5a144510 00007fff5a1444d8
0x00007fff5a144468:   000000010759e954 000000018a5adc60
0x00007fff5a144478:   00007fff5a144510 00007fff5a1444d8
0x00007fff5a144488:   000000010759e6e7 000000010759e6a2
0x00007fff5a144498:   00007fff5a144498 000000018a5adc60
0x00007fff5a1444a8:   00007fff5a144510 000000018a5b0898
0x00007fff5a1444b8:   0000000000000000 000000018a5adc60
0x00007fff5a1444c8:   0000000000000000 00007fff5a1444f8
0x00007fff5a1444d8:   00007fff5a144558 0000000107590c4d
0x00007fff5a1444e8:   00000007af5e7538 0000000107598578
0x00007fff5a1444f8:   00007fe5859e1020 00007fff5a144558
0x00007fff5a144508:   00007fe585bb6cc0 0000000107599d82
0x00007fff5a144518:   00007fff5a144518 000000018a5ade2a
0x00007fff5a144528:   00007fff5a144580 000000018a5b0898
0x00007fff5a144538:   0000000000000000 000000018a5ade38
0x00007fff5a144548:   00007fff5a1444f8 00007fff5a144568
0x00007fff5a144558:   00007fff5a1445c8 0000000107590c4d
0x00007fff5a144568:   00007fe5859e1020 00000007af82cd80
0x00007fff5a144578:   00007fe585bb6cc0 00000007af82cd80
0x00007fff5a144588:   00007fff5a144588 000000018ea69376
0x00007fff5a144598:   00007fff5a1445d8 000000018ea69430 

Instructions: (pc=0x00007fff83f534dd)
0x00007fff83f534bd:   44 00 00 48 85 ff 2e 74 62 40 f6 c7 01 2e 75 66
0x00007fff83f534cd:   49 bb f8 ff ff ff ff 7f 00 00 4c 23 1f 49 89 f2
0x00007fff83f534dd:   45 23 53 18 49 c1 e2 04 4d 03 53 10 49 3b 32 75
0x00007fff83f534ed:   04 41 ff 62 08 49 83 3a 01 76 0d 49 83 c2 10 49 

Register to memory mapping:

RAX=0x00007fe5859e1020 is an unknown value
RBX=0x0000000188b41450: Java_jogamp_nativewindow_macosx_OSXUtil_GetScreenRefreshRate0+0x1cf0 in /private/var/folders/p9/f2k8tf91787dq41zbzy2vwz40000gn/T/jogamp_0000/file_cache/jln8963662119775217706/jln726796812489473997/libnativewindow_macosx.jnilib at 0x0000000188b3a000
RCX=0x0000000120e20160 is an unknown value
RDX=0x0000000120e20580 is an unknown value
RSP=0x00007fff5a1443a8 is pointing into the stack for thread: 0x00007fe5810f2000
RBP=0x00007fff5a144460 is pointing into the stack for thread: 0x00007fe5810f2000
RSI=0x00007fff84860cde is an unknown value
RDI=0x00007fe585bb6cc0 is an unknown value
R8 =0x0000000000000000 is an unknown value
R9 =0x00000000000008b0 is an unknown value
R10=0x00007fff84860cde is an unknown value
R11=0x0000000000000000 is an unknown value
R12=0x0000000000000000 is an unknown value
R13={method} {0x000000018a5adc60} 'UnsetJAWTRootSurfaceLayer0' '(JJ)V' in 'jogamp/nativewindow/jawt/macosx/MacOSXJAWTWindow'
R14=0x0000000188b41440: Java_jogamp_nativewindow_macosx_OSXUtil_GetScreenRefreshRate0+0x1ce0 in /private/var/folders/p9/f2k8tf91787dq41zbzy2vwz40000gn/T/jogamp_0000/file_cache/jln8963662119775217706/jln726796812489473997/libnativewindow_macosx.jnilib at 0x0000000188b3a000
R15=0x00007fe5810f2000 is a thread


Stack: [0x00007fff59949000,0x00007fff5a149000],  sp=0x00007fff5a1443a8,  free space=8172k
Native frames: (J=compiled Java code, j=interpreted, Vv=VM code, C=native code)
C  [libobjc.A.dylib+0x14dd]  objc_msgSend+0x1d
j  jogamp.nativewindow.jawt.macosx.MacOSXJAWTWindow.UnsetJAWTRootSurfaceLayer0(JJ)V+0
j  jogamp.nativewindow.jawt.macosx.MacOSXJAWTWindow.access$200(JJ)V+2
j  jogamp.nativewindow.jawt.macosx.MacOSXJAWTWindow$1.run()V+38
J 1857 C1 com.jogamp.common.util.RunnableTask.run()V (345 bytes) @ 0x0000000107b86514 [0x0000000107b86380+0x194]
v  ~StubRoutines::call_stub
V  [libjvm.dylib+0x2eab0e]
V  [libjvm.dylib+0x321bb7]
V  [libjvm.dylib+0x31438b]
C  [libnativewindow_macosx.jnilib+0x5326]  Java_jogamp_nativewindow_jawt_macosx_MacOSXJAWTWindow_UnsetJAWTRootSurfaceLayer0+0x2b6
C  [Foundation+0x76fde]  __NSThreadPerformPerform+0x117
C  [CoreFoundation+0xaa881]  __CFRUNLOOP_IS_CALLING_OUT_TO_A_SOURCE0_PERFORM_FUNCTION__+0x11
C  [CoreFoundation+0x89fbc]  __CFRunLoopDoSources0+0x22c
C  [CoreFoundation+0x894df]  __CFRunLoopRun+0x39f
C  [CoreFoundation+0x88ed8]  CFRunLoopRunSpecific+0x128
C  [HIToolbox+0x30935]  RunCurrentEventLoopInMode+0xeb
C  [HIToolbox+0x30677]  ReceiveNextEventCommon+0xb8
C  [HIToolbox+0x305af]  _BlockUntilNextEventMatchingListInModeWithFilter+0x47
C  [AppKit+0x48df6]  _DPSNextEvent+0x42b
C  [AppKit+0x48226]  -[NSApplication _nextEventMatchingEventMask:untilDate:inMode:dequeue:]+0x1c6
C  [libosxapp.dylib+0x23aa]  -[NSApplicationAWT nextEventMatchingMask:untilDate:inMode:dequeue:]+0x7c
C  [AppKit+0x3cd80]  -[NSApplication run]+0x2aa
C  [libosxapp.dylib+0x214d]  +[NSApplicationAWT runAWTLoopWithApp:]+0x9c
C  [libawt_lwawt.dylib+0x44517]  -[AWTStarter starter:]+0x389
C  [Foundation+0x76fde]  __NSThreadPerformPerform+0x117
C  [CoreFoundation+0xaa881]  __CFRUNLOOP_IS_CALLING_OUT_TO_A_SOURCE0_PERFORM_FUNCTION__+0x11
C  [CoreFoundation+0x89fbc]  __CFRunLoopDoSources0+0x22c
C  [CoreFoundation+0x894df]  __CFRunLoopRun+0x39f
C  [CoreFoundation+0x88ed8]  CFRunLoopRunSpecific+0x128
C  [java+0x6463]  CreateExecutionEnvironment+0x367
C  [java+0x21ac]  JLI_Launch+0x7a0
C  [java+0x84c0]  main+0x65
C  [java+0x1a04]  start+0x34
C  0x0000000000000007

Java frames: (J=compiled Java code, j=interpreted, Vv=VM code)
j  jogamp.nativewindow.jawt.macosx.MacOSXJAWTWindow.UnsetJAWTRootSurfaceLayer0(JJ)V+0
j  jogamp.nativewindow.jawt.macosx.MacOSXJAWTWindow.access$200(JJ)V+2
j  jogamp.nativewindow.jawt.macosx.MacOSXJAWTWindow$1.run()V+38
J 1857 C1 com.jogamp.common.util.RunnableTask.run()V (345 bytes) @ 0x0000000107b86514 [0x0000000107b86380+0x194]
v  ~StubRoutines::call_stub

---------------  P R O C E S S  ---------------

Java Threads: ( => current thread )
  0x00007fe582353000 JavaThread "Thread-79" [_thread_blocked, id=70363, stack(0x0000700001a71000,0x0000700001b71000)]
  0x00007fe581d52000 JavaThread "Keep-Alive-Timer" daemon [_thread_blocked, id=66859, stack(0x0000700001e7d000,0x0000700001f7d000)]
  0x00007fe582486000 JavaThread "Image Fetcher 3" daemon [_thread_blocked, id=69151, stack(0x0000700002289000,0x0000700002389000)]
  0x00007fe5821f4000 JavaThread "Image Fetcher 2" daemon [_thread_blocked, id=67339, stack(0x0000700002186000,0x0000700002286000)]
  0x00007fe582243000 JavaThread "Image Fetcher 1" daemon [_thread_blocked, id=68103, stack(0x0000700002083000,0x0000700002183000)]
  0x00007fe5816db000 JavaThread "Image Fetcher 0" daemon [_thread_blocked, id=67591, stack(0x0000700001f80000,0x0000700002080000)]
  0x00007fe5814af000 JavaThread "AWT-EventQueue-1" [_thread_in_native, id=60703, stack(0x00007000018eb000,0x00007000019eb000)]
  0x00007fe58146f800 JavaThread "DestroyJavaVM" [_thread_blocked, id=5891, stack(0x000070000011a000,0x000070000021a000)]
  0x00007fe582a76800 JavaThread "AWT-EventQueue-0" [_thread_blocked, id=56843, stack(0x00007000016e5000,0x00007000017e5000)]
  0x00007fe5829e0000 JavaThread "Java2D Disposer" daemon [_thread_blocked, id=53251, stack(0x000070000145c000,0x000070000155c000)]
  0x00007fe58116f000 JavaThread "Java2D Queue Flusher" daemon [_thread_blocked, id=50183, stack(0x0000700001359000,0x0000700001459000)]
  0x00007fe58298a800 JavaThread "AWT-Shutdown" [_thread_blocked, id=29211, stack(0x00007000011d3000,0x00007000012d3000)]
=>0x00007fe5810f2000 JavaThread "AWT-AppKit" daemon [_thread_in_native, id=2571, stack(0x00007fff59949000,0x00007fff5a149000)]
  0x00007fe58101d800 JavaThread "Service Thread" daemon [_thread_blocked, id=18947, stack(0x0000700000ec7000,0x0000700000fc7000)]
  0x00007fe58283b800 JavaThread "C1 CompilerThread2" daemon [_thread_in_native, id=18435, stack(0x0000700000dc4000,0x0000700000ec4000)]
  0x00007fe58282a800 JavaThread "C2 CompilerThread1" daemon [_thread_blocked, id=17923, stack(0x0000700000cc1000,0x0000700000dc1000)]
  0x00007fe582839800 JavaThread "C2 CompilerThread0" daemon [_thread_blocked, id=17411, stack(0x0000700000bbe000,0x0000700000cbe000)]
  0x00007fe58100d000 JavaThread "Signal Dispatcher" daemon [_thread_blocked, id=16659, stack(0x0000700000abb000,0x0000700000bbb000)]
  0x00007fe582826800 JavaThread "Finalizer" daemon [_thread_blocked, id=12291, stack(0x000070000082f000,0x000070000092f000)]
  0x00007fe582825800 JavaThread "Reference Handler" daemon [_thread_blocked, id=11779, stack(0x000070000072c000,0x000070000082c000)]

Other Threads:
  0x00007fe582016800 VMThread [stack: 0x0000700000629000,0x0000700000729000] [id=11267]
  0x00007fe58286c000 WatcherThread [stack: 0x0000700000fca000,0x00007000010ca000] [id=19459]

VM state:not at safepoint (normal execution)

VM Mutex/Monitor currently owned by a thread: None

Heap:
 PSYoungGen      total 75776K, used 72644K [0x00000007aab00000, 0x00000007aff00000, 0x00000007c0000000)
  eden space 65536K, 99% used [0x00000007aab00000,0x00000007aea94ab8,0x00000007aeb00000)
  from space 10240K, 73% used [0x00000007af500000,0x00000007afc5c8a0,0x00000007aff00000)
  to   space 10240K, 0% used [0x00000007aeb00000,0x00000007aeb00000,0x00000007af500000)
 ParOldGen       total 44032K, used 17689K [0x0000000780000000, 0x0000000782b00000, 0x00000007aab00000)
  object space 44032K, 40% used [0x0000000780000000,0x0000000781146430,0x0000000782b00000)
 Metaspace       used 19156K, capacity 19339K, committed 19584K, reserved 1067008K
  class space    used 1869K, capacity 1918K, committed 1920K, reserved 1048576K

Card table byte_map: [0x0000000116949000,0x0000000116b4a000] byte_map_base: 0x0000000112d49000

Marking Bits: (ParMarkBitMap*) 0x0000000106edee20
 Begin Bits: [0x0000000116ca0000, 0x0000000117ca0000)
 End Bits:   [0x0000000117ca0000, 0x0000000118ca0000)

Polling page: 0x0000000105d8e000

CodeCache: size=245760Kb used=7141Kb max_used=7151Kb free=238618Kb
 bounds [0x0000000107589000, 0x0000000107c99000, 0x0000000116589000]
 total_blobs=2910 nmethods=2034 adapters=789
 compilation: enabled

Compilation events (10 events):
Event: 13.146 Thread 0x00007fe58282a800 nmethod 2160 0x0000000107c7d9d0 code [0x0000000107c7db20, 0x0000000107c7dbf8]
Event: 13.148 Thread 0x00007fe582839800 nmethod 2161 0x0000000107c7d390 code [0x0000000107c7d4e0, 0x0000000107c7d898]
Event: 13.161 Thread 0x00007fe58283b800 2162       3       java.lang.Boolean::valueOf (14 bytes)
Event: 13.161 Thread 0x00007fe58283b800 nmethod 2162 0x0000000107c88890 code [0x0000000107c88a00, 0x0000000107c88b90]
Event: 13.161 Thread 0x00007fe58283b800 2163       3       java.util.HashSet::<init> (16 bytes)
Event: 13.161 Thread 0x00007fe58282a800 2164       4       java.util.HashMap$KeyIterator::next (8 bytes)
Event: 13.161 Thread 0x00007fe58283b800 nmethod 2163 0x0000000107c88110 code [0x0000000107c882a0, 0x0000000107c886b0]
Event: 13.162 Thread 0x00007fe58283b800 2165       3       java.lang.Integer::equals (29 bytes)
Event: 13.162 Thread 0x00007fe58283b800 nmethod 2165 0x0000000107c8a790 code [0x0000000107c8a900, 0x0000000107c8ad70]
Event: 13.165 Thread 0x00007fe58282a800 nmethod 2164 0x0000000107c87bd0 code [0x0000000107c87d20, 0x0000000107c87f18]

GC Heap History (10 events):
Event: 4.813 GC heap before
{Heap before GC invocations=2 (full 0):
 PSYoungGen      total 18944K, used 18921K [0x00000007aab00000, 0x00000007ac000000, 0x00000007c0000000)
  eden space 16384K, 100% used [0x00000007aab00000,0x00000007abb00000,0x00000007abb00000)
  from space 2560K, 99% used [0x00000007abb00000,0x00000007abd7a760,0x00000007abd80000)
  to   space 2560K, 0% used [0x00000007abd80000,0x00000007abd80000,0x00000007ac000000)
 ParOldGen       total 44032K, used 1172K [0x0000000780000000, 0x0000000782b00000, 0x00000007aab00000)
  object space 44032K, 2% used [0x0000000780000000,0x00000007801250d8,0x0000000782b00000)
 Metaspace       used 15987K, capacity 16187K, committed 16256K, reserved 1064960K
  class space    used 1603K, capacity 1660K, committed 1664K, reserved 1048576K
Event: 4.828 GC heap after
Heap after GC invocations=2 (full 0):
 PSYoungGen      total 18944K, used 2528K [0x00000007aab00000, 0x00000007ac000000, 0x00000007c0000000)
  eden space 16384K, 0% used [0x00000007aab00000,0x00000007aab00000,0x00000007abb00000)
  from space 2560K, 98% used [0x00000007abd80000,0x00000007abff8020,0x00000007ac000000)
  to   space 2560K, 0% used [0x00000007abb00000,0x00000007abb00000,0x00000007abd80000)
 ParOldGen       total 44032K, used 2971K [0x0000000780000000, 0x0000000782b00000, 0x00000007aab00000)
  object space 44032K, 6% used [0x0000000780000000,0x00000007802e6cc8,0x0000000782b00000)
 Metaspace       used 15987K, capacity 16187K, committed 16256K, reserved 1064960K
  class space    used 1603K, capacity 1660K, committed 1664K, reserved 1048576K
}
Event: 6.162 GC heap before
{Heap before GC invocations=3 (full 0):
 PSYoungGen      total 18944K, used 18912K [0x00000007aab00000, 0x00000007ac000000, 0x00000007c0000000)
  eden space 16384K, 100% used [0x00000007aab00000,0x00000007abb00000,0x00000007abb00000)
  from space 2560K, 98% used [0x00000007abd80000,0x00000007abff8020,0x00000007ac000000)
  to   space 2560K, 0% used [0x00000007abb00000,0x00000007abb00000,0x00000007abd80000)
 ParOldGen       total 44032K, used 2971K [0x0000000780000000, 0x0000000782b00000, 0x00000007aab00000)
  object space 44032K, 6% used [0x0000000780000000,0x00000007802e6cc8,0x0000000782b00000)
 Metaspace       used 17864K, capacity 18049K, committed 18304K, reserved 1064960K
  class space    used 1802K, capacity 1853K, committed 1920K, reserved 1048576K
Event: 6.192 GC heap after
Heap after GC invocations=3 (full 0):
 PSYoungGen      total 18944K, used 2528K [0x00000007aab00000, 0x00000007ad000000, 0x00000007c0000000)
  eden space 16384K, 0% used [0x00000007aab00000,0x00000007aab00000,0x00000007abb00000)
  from space 2560K, 98% used [0x00000007abb00000,0x00000007abd78040,0x00000007abd80000)
  to   space 2560K, 0% used [0x00000007acd80000,0x00000007acd80000,0x00000007ad000000)
 ParOldGen       total 44032K, used 10191K [0x0000000780000000, 0x0000000782b00000, 0x00000007aab00000)
  object space 44032K, 23% used [0x0000000780000000,0x00000007809f3de0,0x0000000782b00000)
 Metaspace       used 17864K, capacity 18049K, committed 18304K, reserved 1064960K
  class space    used 1802K, capacity 1853K, committed 1920K, reserved 1048576K
}
Event: 6.724 GC heap before
{Heap before GC invocations=4 (full 0):
 PSYoungGen      total 18944K, used 18912K [0x00000007aab00000, 0x00000007ad000000, 0x00000007c0000000)
  eden space 16384K, 100% used [0x00000007aab00000,0x00000007abb00000,0x00000007abb00000)
  from space 2560K, 98% used [0x00000007abb00000,0x00000007abd78040,0x00000007abd80000)
  to   space 2560K, 0% used [0x00000007acd80000,0x00000007acd80000,0x00000007ad000000)
 ParOldGen       total 44032K, used 10191K [0x0000000780000000, 0x0000000782b00000, 0x00000007aab00000)
  object space 44032K, 23% used [0x0000000780000000,0x00000007809f3de0,0x0000000782b00000)
 Metaspace       used 18362K, capacity 18507K, committed 18560K, reserved 1067008K
  class space    used 1854K, capacity 1918K, committed 1920K, reserved 1048576K
Event: 6.740 GC heap after
Heap after GC invocations=4 (full 0):
 PSYoungGen      total 35328K, used 2528K [0x00000007aab00000, 0x00000007ad000000, 0x00000007c0000000)
  eden space 32768K, 0% used [0x00000007aab00000,0x00000007aab00000,0x00000007acb00000)
  from space 2560K, 98% used [0x00000007acd80000,0x00000007acff8060,0x00000007ad000000)
  to   space 2560K, 0% used [0x00000007acb00000,0x00000007acb00000,0x00000007acd80000)
 ParOldGen       total 44032K, used 12720K [0x0000000780000000, 0x0000000782b00000, 0x00000007aab00000)
  object space 44032K, 28% used [0x0000000780000000,0x0000000780c6c300,0x0000000782b00000)
 Metaspace       used 18362K, capacity 18507K, committed 18560K, reserved 1067008K
  class space    used 1854K, capacity 1918K, committed 1920K, reserved 1048576K
}
Event: 7.760 GC heap before
{Heap before GC invocations=5 (full 0):
 PSYoungGen      total 35328K, used 35296K [0x00000007aab00000, 0x00000007ad000000, 0x00000007c0000000)
  eden space 32768K, 100% used [0x00000007aab00000,0x00000007acb00000,0x00000007acb00000)
  from space 2560K, 98% used [0x00000007acd80000,0x00000007acff8060,0x00000007ad000000)
  to   space 2560K, 0% used [0x00000007acb00000,0x00000007acb00000,0x00000007acd80000)
 ParOldGen       total 44032K, used 12720K [0x0000000780000000, 0x0000000782b00000, 0x00000007aab00000)
  object space 44032K, 28% used [0x0000000780000000,0x0000000780c6c300,0x0000000782b00000)
 Metaspace       used 18655K, capacity 18827K, committed 19072K, reserved 1067008K
  class space    used 1862K, capacity 1918K, committed 1920K, reserved 1048576K
Event: 7.767 GC heap after
Heap after GC invocations=5 (full 0):
 PSYoungGen      total 35328K, used 2529K [0x00000007aab00000, 0x00000007aff00000, 0x00000007c0000000)
  eden space 32768K, 0% used [0x00000007aab00000,0x00000007aab00000,0x00000007acb00000)
  from space 2560K, 98% used [0x00000007acb00000,0x00000007acd78780,0x00000007acd80000)
  to   space 10240K, 0% used [0x00000007af500000,0x00000007af500000,0x00000007aff00000)
 ParOldGen       total 44032K, used 17681K [0x0000000780000000, 0x0000000782b00000, 0x00000007aab00000)
  object space 44032K, 40% used [0x0000000780000000,0x0000000781144430,0x0000000782b00000)
 Metaspace       used 18655K, capacity 18827K, committed 19072K, reserved 1067008K
  class space    used 1862K, capacity 1918K, committed 1920K, reserved 1048576K
}
Event: 9.788 GC heap before
{Heap before GC invocations=6 (full 0):
 PSYoungGen      total 35328K, used 35044K [0x00000007aab00000, 0x00000007aff00000, 0x00000007c0000000)
  eden space 32768K, 99% used [0x00000007aab00000,0x00000007acac0938,0x00000007acb00000)
  from space 2560K, 98% used [0x00000007acb00000,0x00000007acd78780,0x00000007acd80000)
  to   space 10240K, 0% used [0x00000007af500000,0x00000007af500000,0x00000007aff00000)
 ParOldGen       total 44032K, used 17681K [0x0000000780000000, 0x0000000782b00000, 0x00000007aab00000)
  object space 44032K, 40% used [0x0000000780000000,0x0000000781144430,0x0000000782b00000)
 Metaspace       used 18831K, capacity 19019K, committed 19072K, reserved 1067008K
  class space    used 1862K, capacity 1918K, committed 1920K, reserved 1048576K
Event: 9.796 GC heap after
Heap after GC invocations=6 (full 0):
 PSYoungGen      total 75776K, used 7538K [0x00000007aab00000, 0x00000007aff00000, 0x00000007c0000000)
  eden space 65536K, 0% used [0x00000007aab00000,0x00000007aab00000,0x00000007aeb00000)
  from space 10240K, 73% used [0x00000007af500000,0x00000007afc5c8a0,0x00000007aff00000)
  to   space 10240K, 0% used [0x00000007aeb00000,0x00000007aeb00000,0x00000007af500000)
 ParOldGen       total 44032K, used 17689K [0x0000000780000000, 0x0000000782b00000, 0x00000007aab00000)
  object space 44032K, 40% used [0x0000000780000000,0x0000000781146430,0x0000000782b00000)
 Metaspace       used 18831K, capacity 19019K, committed 19072K, reserved 1067008K
  class space    used 1862K, capacity 1918K, committed 1920K, reserved 1048576K
}

Deoptimization events (10 events):
Event: 4.116 Thread 0x00007fe582e1e000 Uncommon trap: reason=unstable_if action=reinterpret pc=0x00000001077ee4cc method=java.lang.String.indexOf([CII[CIII)I @ 3
Event: 4.116 Thread 0x00007fe582e1e000 Uncommon trap: reason=unstable_if action=reinterpret pc=0x00000001077546dc method=java.lang.String.indexOf([CII[CIII)I @ 3
Event: 5.651 Thread 0x00007fe5814af000 Uncommon trap: reason=unstable_if action=reinterpret pc=0x0000000107743348 method=java.lang.AbstractStringBuilder.append(Ljava/lang/String;)Ljava/lang/AbstractStringBuilder; @ 1
Event: 6.662 Thread 0x00007fe5814af000 Uncommon trap: reason=unstable_if action=reinterpret pc=0x00000001079bdd2c method=java.lang.StrictMath.floorOrCeil(DDDD)D @ 115
Event: 13.145 Thread 0x00007fe5814af000 Uncommon trap: reason=unstable_if action=reinterpret pc=0x0000000107715028 method=com.jogamp.common.util.VersionNumber.compareTo(Lcom/jogamp/common/util/VersionNumber;)I @ 21
Event: 13.160 Thread 0x00007fe582a20000 Uncommon trap: reason=class_check action=maybe_recompile pc=0x0000000107ac9c5c method=java.util.HashMap.putVal(ILjava/lang/Object;Ljava/lang/Object;ZZ)Ljava/lang/Object; @ 91
Event: 13.161 Thread 0x00007fe582a20000 Uncommon trap: reason=class_check action=maybe_recompile pc=0x0000000107ac9c5c method=java.util.HashMap.putVal(ILjava/lang/Object;Ljava/lang/Object;ZZ)Ljava/lang/Object; @ 91
Event: 13.161 Thread 0x00007fe582a20000 Uncommon trap: reason=class_check action=maybe_recompile pc=0x0000000107ac9c5c method=java.util.HashMap.putVal(ILjava/lang/Object;Ljava/lang/Object;ZZ)Ljava/lang/Object; @ 91
Event: 13.161 Thread 0x00007fe582a20000 Uncommon trap: reason=class_check action=maybe_recompile pc=0x0000000107ac9c5c method=java.util.HashMap.putVal(ILjava/lang/Object;Ljava/lang/Object;ZZ)Ljava/lang/Object; @ 91
Event: 13.199 Thread 0x00007fe5814af000 Uncommon trap: reason=unstable_if action=reinterpret pc=0x0000000107baa014 method=java.security.AccessControlContext.optimize()Ljava/security/AccessControlContext; @ 233

Internal exceptions (10 events):
Event: 0.292 Thread 0x00007fe581803800 Exception <a 'java/lang/NoSuchFieldError': method resolution failed> (0x00000007aad16bd8) thrown at [/Users/java_re/workspace/8-2-build-macosx-x86_64/jdk8u60/4407/hotspot/src/share/vm/prims/methodHandles.cpp, line 1146]
Event: 0.294 Thread 0x00007fe581803800 Exception <a 'java/lang/NoSuchFieldError': method resolution failed> (0x00000007aad243a8) thrown at [/Users/java_re/workspace/8-2-build-macosx-x86_64/jdk8u60/4407/hotspot/src/share/vm/prims/methodHandles.cpp, line 1146]
Event: 0.594 Thread 0x00007fe581803800 Exception <a 'java/io/FileNotFoundException'> (0x00000007aada00c8) thrown at [/Users/java_re/workspace/8-2-build-macosx-x86_64/jdk8u60/4407/hotspot/src/share/vm/prims/jni.cpp, line 709]
Event: 0.594 Thread 0x00007fe581803800 Exception <a 'java/io/FileNotFoundException'> (0x00000007aada0c08) thrown at [/Users/java_re/workspace/8-2-build-macosx-x86_64/jdk8u60/4407/hotspot/src/share/vm/prims/jni.cpp, line 709]
Event: 0.791 Thread 0x00007fe581803800 Exception <a 'java/io/FileNotFoundException'> (0x00000007aaedf6e0) thrown at [/Users/java_re/workspace/8-2-build-macosx-x86_64/jdk8u60/4407/hotspot/src/share/vm/prims/jni.cpp, line 709]
Event: 3.997 Thread 0x00007fe582826800 Exception <a 'java/lang/NullPointerException'> (0x00000007aab86d70) thrown at [/Users/java_re/workspace/8-2-build-macosx-x86_64/jdk8u60/4407/hotspot/src/share/vm/interpreter/linkResolver.cpp, line 1178]
Event: 4.164 Thread 0x00007fe582e1e000 Exception <a 'java/lang/UnsatisfiedLinkError': com.jogamp.common.util.JarUtil.fixNativeLibAttribs(Ljava/lang/String;)Z> (0x00000007aaf55a88) thrown at [/Users/java_re/workspace/8-2-build-macosx-x86_64/jdk8u60/4407/hotspot/src/share/vm/prims/nativeLookup.c
Event: 5.650 Thread 0x00007fe5814af000 Exception <a 'java/io/FileNotFoundException'> (0x00000007ab17c0c8) thrown at [/Users/java_re/workspace/8-2-build-macosx-x86_64/jdk8u60/4407/hotspot/src/share/vm/prims/jni.cpp, line 709]
Event: 5.651 Thread 0x00007fe5814af000 Exception <a 'java/io/FileNotFoundException'> (0x00000007ab1821d8) thrown at [/Users/java_re/workspace/8-2-build-macosx-x86_64/jdk8u60/4407/hotspot/src/share/vm/prims/jni.cpp, line 709]
Event: 5.651 Thread 0x00007fe5814af000 Implicit null exception at 0x0000000107742fb3 to 0x0000000107743335

Events (10 events):
Event: 13.199 Thread 0x00007fe5814af000 Uncommon trap: trap_request=0xffffff65 fr.pc=0x0000000107baa014
Event: 13.199 Thread 0x00007fe5814af000 DEOPT PACKING pc=0x0000000107baa014 sp=0x00007000019e88b0
Event: 13.199 Thread 0x00007fe5814af000 DEOPT UNPACKING pc=0x000000010758e229 sp=0x00007000019e8880 mode 2
Event: 13.199 loading class java/awt/LightweightDispatcher$2
Event: 13.199 loading class java/awt/LightweightDispatcher$2 done
Event: 13.200 loading class java/awt/event/AWTEventListenerProxy
Event: 13.200 loading class java/awt/event/AWTEventListenerProxy done
Event: 13.200 loading class java/awt/Toolkit$ToolkitEventMulticaster
Event: 13.200 loading class java/awt/Toolkit$ToolkitEventMulticaster done
Event: 13.201 Thread 0x00007fe582a20000 Thread exited: 0x00007fe582a20000


Dynamic libraries:
0x0000000000f2a000 	/System/Library/Frameworks/Cocoa.framework/Versions/A/Cocoa
0x0000000000f2a000 	/System/Library/Frameworks/Security.framework/Versions/A/Security
0x0000000000f2a000 	/System/Library/Frameworks/ApplicationServices.framework/Versions/A/ApplicationServices
0x0000000000f2a000 	/usr/lib/libz.1.dylib
0x0000000000f2a000 	/usr/lib/libSystem.B.dylib
0x0000000000f2a000 	/usr/lib/libobjc.A.dylib
0x0000000000f2a000 	/System/Library/Frameworks/CoreFoundation.framework/Versions/A/CoreFoundation
0x0000000000f2a000 	/System/Library/Frameworks/Foundation.framework/Versions/C/Foundation
0x0000000000f2a000 	/System/Library/Frameworks/AppKit.framework/Versions/C/AppKit
0x0000000000f2a000 	/System/Library/Frameworks/CoreData.framework/Versions/A/CoreData
0x0000000000f2a000 	/System/Library/PrivateFrameworks/RemoteViewServices.framework/Versions/A/RemoteViewServices
0x0000000000f2a000 	/System/Library/PrivateFrameworks/UIFoundation.framework/Versions/A/UIFoundation
0x0000000000f2a000 	/usr/lib/libScreenReader.dylib
0x0000000000f2a000 	/System/Library/Frameworks/Accelerate.framework/Versions/A/Accelerate
0x0000000000f2a000 	/System/Library/Frameworks/IOSurface.framework/Versions/A/IOSurface
0x0000000000f2a000 	/System/Library/Frameworks/AudioToolbox.framework/Versions/A/AudioToolbox
0x0000000000f2a000 	/System/Library/Frameworks/AudioUnit.framework/Versions/A/AudioUnit
0x0000000000f2a000 	/System/Library/PrivateFrameworks/DataDetectorsCore.framework/Versions/A/DataDetectorsCore
0x0000000000f2a000 	/System/Library/PrivateFrameworks/DesktopServicesPriv.framework/Versions/A/DesktopServicesPriv
0x0000000000f2a000 	/System/Library/Frameworks/Carbon.framework/Versions/A/Frameworks/HIToolbox.framework/Versions/A/HIToolbox
0x0000000000f2a000 	/System/Library/Frameworks/QuartzCore.framework/Versions/A/QuartzCore
0x0000000000f2a000 	/System/Library/Frameworks/Carbon.framework/Versions/A/Frameworks/SpeechRecognition.framework/Versions/A/SpeechRecognition
0x0000000000f2a000 	/usr/lib/libauto.dylib
0x0000000000f2a000 	/usr/lib/libicucore.A.dylib
0x0000000000f2a000 	/usr/lib/libxml2.2.dylib
0x0000000000f2a000 	/System/Library/PrivateFrameworks/CoreUI.framework/Versions/A/CoreUI
0x0000000000f2a000 	/System/Library/Frameworks/CoreAudio.framework/Versions/A/CoreAudio
0x0000000000f2a000 	/System/Library/Frameworks/DiskArbitration.framework/Versions/A/DiskArbitration
0x0000000000f2a000 	/usr/lib/liblangid.dylib
0x0000000000f2a000 	/System/Library/PrivateFrameworks/MultitouchSupport.framework/Versions/A/MultitouchSupport
0x0000000000f2a000 	/System/Library/Frameworks/IOKit.framework/Versions/A/IOKit
0x0000000000f2a000 	/usr/lib/libDiagnosticMessagesClient.dylib
0x0000000000f2a000 	/System/Library/Frameworks/CoreServices.framework/Versions/A/CoreServices
0x0000000000f2a000 	/System/Library/PrivateFrameworks/PerformanceAnalysis.framework/Versions/A/PerformanceAnalysis
0x0000000000f2a000 	/System/Library/PrivateFrameworks/GenerationalStorage.framework/Versions/A/GenerationalStorage
0x0000000000f2a000 	/System/Library/Frameworks/OpenGL.framework/Versions/A/OpenGL
0x0000000000f2a000 	/System/Library/PrivateFrameworks/Sharing.framework/Versions/A/Sharing
0x0000000000f2a000 	/System/Library/Frameworks/CoreGraphics.framework/Versions/A/CoreGraphics
0x0000000000f2a000 	/System/Library/Frameworks/CoreImage.framework/Versions/A/CoreImage
0x0000000000f2a000 	/System/Library/Frameworks/CoreText.framework/Versions/A/CoreText
0x0000000000f2a000 	/System/Library/Frameworks/ImageIO.framework/Versions/A/ImageIO
0x0000000000f2a000 	/System/Library/PrivateFrameworks/Backup.framework/Versions/A/Backup
0x0000000000f2a000 	/usr/lib/libextension.dylib
0x0000000000f2a000 	/usr/lib/libarchive.2.dylib
0x0000000000f2a000 	/System/Library/Frameworks/CFNetwork.framework/Versions/A/CFNetwork
0x0000000000f2a000 	/System/Library/Frameworks/SystemConfiguration.framework/Versions/A/SystemConfiguration
0x0000000000f2a000 	/usr/lib/libCRFSuite.dylib
0x0000000000f2a000 	/usr/lib/libc++.1.dylib
0x0000000000f2a000 	/usr/lib/libc++abi.dylib
0x0000000000f2a000 	/usr/lib/system/libcache.dylib
0x0000000000f2a000 	/usr/lib/system/libcommonCrypto.dylib
0x0000000000f2a000 	/usr/lib/system/libcompiler_rt.dylib
0x0000000000f2a000 	/usr/lib/system/libcopyfile.dylib
0x0000000000f2a000 	/usr/lib/system/libcorecrypto.dylib
0x0000000000f2a000 	/usr/lib/system/libdispatch.dylib
0x0000000000f2a000 	/usr/lib/system/libdyld.dylib
0x0000000000f2a000 	/usr/lib/system/libkeymgr.dylib
0x0000000000f2a000 	/usr/lib/system/liblaunch.dylib
0x0000000000f2a000 	/usr/lib/system/libmacho.dylib
0x0000000000f2a000 	/usr/lib/system/libquarantine.dylib
0x0000000000f2a000 	/usr/lib/system/libremovefile.dylib
0x0000000000f2a000 	/usr/lib/system/libsystem_asl.dylib
0x0000000000f2a000 	/usr/lib/system/libsystem_blocks.dylib
0x0000000000f2a000 	/usr/lib/system/libsystem_c.dylib
0x0000000000f2a000 	/usr/lib/system/libsystem_configuration.dylib
0x0000000000f2a000 	/usr/lib/system/libsystem_coreservices.dylib
0x0000000000f2a000 	/usr/lib/system/libsystem_coretls.dylib
0x0000000000f2a000 	/usr/lib/system/libsystem_dnssd.dylib
0x0000000000f2a000 	/usr/lib/system/libsystem_info.dylib
0x0000000000f2a000 	/usr/lib/system/libsystem_kernel.dylib
0x0000000000f2a000 	/usr/lib/system/libsystem_m.dylib
0x0000000000f2a000 	/usr/lib/system/libsystem_malloc.dylib
0x0000000000f2a000 	/usr/lib/system/libsystem_network.dylib
0x0000000000f2a000 	/usr/lib/system/libsystem_networkextension.dylib
0x0000000000f2a000 	/usr/lib/system/libsystem_notify.dylib
0x0000000000f2a000 	/usr/lib/system/libsystem_platform.dylib
0x0000000000f2a000 	/usr/lib/system/libsystem_pthread.dylib
0x0000000000f2a000 	/usr/lib/system/libsystem_sandbox.dylib
0x0000000000f2a000 	/usr/lib/system/libsystem_secinit.dylib
0x0000000000f2a000 	/usr/lib/system/libsystem_trace.dylib
0x0000000000f2a000 	/usr/lib/system/libunc.dylib
0x0000000000f2a000 	/usr/lib/system/libunwind.dylib
0x0000000000f2a000 	/usr/lib/system/libxpc.dylib
0x0000000000f2a000 	/usr/lib/libenergytrace.dylib
0x0000000000f2a000 	/usr/lib/libbsm.0.dylib
0x0000000000f2a000 	/usr/lib/system/libkxld.dylib
0x0000000000f2a000 	/usr/lib/libxar.1.dylib
0x0000000000f2a000 	/usr/lib/libsqlite3.dylib
0x0000000000f2a000 	/usr/lib/libpam.2.dylib
0x0000000000f2a000 	/usr/lib/libOpenScriptingUtil.dylib
0x0000000000f2a000 	/usr/lib/libbz2.1.0.dylib
0x0000000000f2a000 	/usr/lib/liblzma.5.dylib
0x0000000000f2a000 	/System/Library/Frameworks/CoreServices.framework/Versions/A/Frameworks/FSEvents.framework/Versions/A/FSEvents
0x0000000000f2a000 	/System/Library/Frameworks/CoreServices.framework/Versions/A/Frameworks/CarbonCore.framework/Versions/A/CarbonCore
0x0000000000f2a000 	/System/Library/Frameworks/CoreServices.framework/Versions/A/Frameworks/Metadata.framework/Versions/A/Metadata
0x0000000000f2a000 	/System/Library/Frameworks/CoreServices.framework/Versions/A/Frameworks/OSServices.framework/Versions/A/OSServices
0x0000000000f2a000 	/System/Library/Frameworks/CoreServices.framework/Versions/A/Frameworks/SearchKit.framework/Versions/A/SearchKit
0x0000000000f2a000 	/System/Library/Frameworks/CoreServices.framework/Versions/A/Frameworks/AE.framework/Versions/A/AE
0x0000000000f2a000 	/System/Library/Frameworks/CoreServices.framework/Versions/A/Frameworks/LaunchServices.framework/Versions/A/LaunchServices
0x0000000000f2a000 	/System/Library/Frameworks/CoreServices.framework/Versions/A/Frameworks/DictionaryServices.framework/Versions/A/DictionaryServices
0x0000000000f2a000 	/System/Library/Frameworks/CoreServices.framework/Versions/A/Frameworks/SharedFileList.framework/Versions/A/SharedFileList
0x0000000000f2a000 	/System/Library/Frameworks/NetFS.framework/Versions/A/NetFS
0x0000000000f2a000 	/System/Library/PrivateFrameworks/NetAuth.framework/Versions/A/NetAuth
0x0000000000f2a000 	/System/Library/PrivateFrameworks/login.framework/Versions/A/Frameworks/loginsupport.framework/Versions/A/loginsupport
0x0000000000f2a000 	/System/Library/PrivateFrameworks/TCC.framework/Versions/A/TCC
0x0000000000f2a000 	/usr/lib/libmecabra.dylib
0x0000000000f2a000 	/System/Library/Frameworks/ApplicationServices.framework/Versions/A/Frameworks/ATS.framework/Versions/A/ATS
0x0000000000f2a000 	/System/Library/Frameworks/ApplicationServices.framework/Versions/A/Frameworks/ColorSync.framework/Versions/A/ColorSync
0x0000000000f2a000 	/System/Library/Frameworks/ApplicationServices.framework/Versions/A/Frameworks/HIServices.framework/Versions/A/HIServices
0x0000000000f2a000 	/System/Library/Frameworks/ApplicationServices.framework/Versions/A/Frameworks/LangAnalysis.framework/Versions/A/LangAnalysis
0x0000000000f2a000 	/System/Library/Frameworks/ApplicationServices.framework/Versions/A/Frameworks/PrintCore.framework/Versions/A/PrintCore
0x0000000000f2a000 	/System/Library/Frameworks/ApplicationServices.framework/Versions/A/Frameworks/QD.framework/Versions/A/QD
0x0000000000f2a000 	/System/Library/Frameworks/ApplicationServices.framework/Versions/A/Frameworks/SpeechSynthesis.framework/Versions/A/SpeechSynthesis
0x0000000000f2a000 	/System/Library/Frameworks/Metal.framework/Versions/A/Metal
0x0000000000f2a000 	/System/Library/Frameworks/Accelerate.framework/Versions/A/Frameworks/vImage.framework/Versions/A/vImage
0x0000000000f2a000 	/System/Library/Frameworks/Accelerate.framework/Versions/A/Frameworks/vecLib.framework/Versions/A/vecLib
0x0000000000f2a000 	/System/Library/Frameworks/Accelerate.framework/Versions/A/Frameworks/vecLib.framework/Versions/A/libvDSP.dylib
0x0000000000f2a000 	/System/Library/Frameworks/Accelerate.framework/Versions/A/Frameworks/vecLib.framework/Versions/A/libvMisc.dylib
0x0000000000f2a000 	/System/Library/Frameworks/Accelerate.framework/Versions/A/Frameworks/vecLib.framework/Versions/A/libLAPACK.dylib
0x0000000000f2a000 	/System/Library/Frameworks/Accelerate.framework/Versions/A/Frameworks/vecLib.framework/Versions/A/libBLAS.dylib
0x0000000000f2a000 	/System/Library/Frameworks/Accelerate.framework/Versions/A/Frameworks/vecLib.framework/Versions/A/libLinearAlgebra.dylib
0x0000000000f2a000 	/System/Library/Frameworks/Accelerate.framework/Versions/A/Frameworks/vecLib.framework/Versions/A/libSparseBLAS.dylib
0x0000000000f2a000 	/System/Library/PrivateFrameworks/GPUCompiler.framework/libmetal_timestamp.dylib
0x0000000000f2a000 	/System/Library/Frameworks/OpenGL.framework/Versions/A/Libraries/libCoreFSCache.dylib
0x0000000000f2a000 	/System/Library/PrivateFrameworks/IOAccelerator.framework/Versions/A/IOAccelerator
0x0000000000f2a000 	/System/Library/Frameworks/ApplicationServices.framework/Versions/A/Frameworks/ATS.framework/Versions/A/Resources/libFontParser.dylib
0x0000000000f2a000 	/System/Library/Frameworks/ApplicationServices.framework/Versions/A/Frameworks/ATS.framework/Versions/A/Resources/libFontRegistry.dylib
0x0000000000f2a000 	/System/Library/PrivateFrameworks/AppleVPA.framework/Versions/A/AppleVPA
0x0000000000f2a000 	/System/Library/PrivateFrameworks/AppleJPEG.framework/Versions/A/AppleJPEG
0x0000000000f2a000 	/System/Library/Frameworks/ImageIO.framework/Versions/A/Resources/libJPEG.dylib
0x0000000000f2a000 	/System/Library/Frameworks/ImageIO.framework/Versions/A/Resources/libTIFF.dylib
0x0000000000f2a000 	/System/Library/Frameworks/ImageIO.framework/Versions/A/Resources/libPng.dylib
0x0000000000f2a000 	/System/Library/Frameworks/ImageIO.framework/Versions/A/Resources/libGIF.dylib
0x0000000000f2a000 	/System/Library/Frameworks/ImageIO.framework/Versions/A/Resources/libJP2.dylib
0x0000000000f2a000 	/System/Library/Frameworks/ImageIO.framework/Versions/A/Resources/libRadiance.dylib
0x0000000000f2a000 	/System/Library/Frameworks/CoreVideo.framework/Versions/A/CoreVideo
0x0000000000f2a000 	/System/Library/Frameworks/OpenGL.framework/Versions/A/Libraries/libGLU.dylib
0x0000000000f2a000 	/System/Library/Frameworks/OpenGL.framework/Versions/A/Libraries/libGFXShared.dylib
0x0000000000f2a000 	/System/Library/Frameworks/OpenGL.framework/Versions/A/Libraries/libGL.dylib
0x0000000000f2a000 	/System/Library/Frameworks/OpenGL.framework/Versions/A/Libraries/libGLImage.dylib
0x0000000000f2a000 	/System/Library/Frameworks/OpenGL.framework/Versions/A/Libraries/libCVMSPluginSupport.dylib
0x0000000000f2a000 	/System/Library/Frameworks/OpenGL.framework/Versions/A/Libraries/libCoreVMClient.dylib
0x0000000000f2a000 	/usr/lib/libcompression.dylib
0x0000000000f2a000 	/usr/lib/libcups.2.dylib
0x0000000000f2a000 	/System/Library/Frameworks/Kerberos.framework/Versions/A/Kerberos
0x0000000000f2a000 	/System/Library/Frameworks/GSS.framework/Versions/A/GSS
0x0000000000f2a000 	/usr/lib/libresolv.9.dylib
0x0000000000f2a000 	/usr/lib/libiconv.2.dylib
0x0000000000f2a000 	/System/Library/PrivateFrameworks/Heimdal.framework/Versions/A/Heimdal
0x0000000000f2a000 	/usr/lib/libheimdal-asn1.dylib
0x0000000000f2a000 	/System/Library/Frameworks/OpenDirectory.framework/Versions/A/OpenDirectory
0x0000000000f2a000 	/System/Library/PrivateFrameworks/CommonAuth.framework/Versions/A/CommonAuth
0x0000000000f2a000 	/System/Library/Frameworks/OpenDirectory.framework/Versions/A/Frameworks/CFOpenDirectory.framework/Versions/A/CFOpenDirectory
0x0000000000f2a000 	/System/Library/Frameworks/SecurityFoundation.framework/Versions/A/SecurityFoundation
0x0000000000f2a000 	/System/Library/PrivateFrameworks/LanguageModeling.framework/Versions/A/LanguageModeling
0x0000000000f2a000 	/usr/lib/libmarisa.dylib
0x0000000000f2a000 	/usr/lib/libChineseTokenizer.dylib
0x0000000000f2a000 	/usr/lib/libcmph.dylib
0x0000000000f2a000 	/System/Library/Frameworks/ServiceManagement.framework/Versions/A/ServiceManagement
0x0000000000f2a000 	/usr/lib/libxslt.1.dylib
0x0000000000f2a000 	/System/Library/Frameworks/Carbon.framework/Versions/A/Frameworks/Ink.framework/Versions/A/Ink
0x0000000000f2a000 	/usr/lib/libFosl_dynamic.dylib
0x0000000000f2a000 	/System/Library/PrivateFrameworks/FaceCore.framework/Versions/A/FaceCore
0x0000000000f2a000 	/System/Library/Frameworks/OpenCL.framework/Versions/A/OpenCL
0x0000000000f2a000 	/System/Library/PrivateFrameworks/CrashReporterSupport.framework/Versions/A/CrashReporterSupport
0x0000000000f2a000 	/System/Library/PrivateFrameworks/IconServices.framework/Versions/A/IconServices
0x0000000000f2a000 	/System/Library/PrivateFrameworks/Apple80211.framework/Versions/A/Apple80211
0x0000000000f2a000 	/System/Library/Frameworks/CoreWLAN.framework/Versions/A/CoreWLAN
0x0000000000f2a000 	/System/Library/Frameworks/IOBluetooth.framework/Versions/A/IOBluetooth
0x0000000000f2a000 	/System/Library/PrivateFrameworks/CoreWiFi.framework/Versions/A/CoreWiFi
0x0000000000f2a000 	/System/Library/Frameworks/CoreBluetooth.framework/Versions/A/CoreBluetooth
0x0000000000f2a000 	/System/Library/PrivateFrameworks/ChunkingLibrary.framework/Versions/A/ChunkingLibrary
0x0000000000f2a000 	/System/Library/PrivateFrameworks/DebugSymbols.framework/Versions/A/DebugSymbols
0x0000000000f2a000 	/System/Library/PrivateFrameworks/CoreSymbolication.framework/Versions/A/CoreSymbolication
0x0000000000f2a000 	/System/Library/PrivateFrameworks/Symbolication.framework/Versions/A/Symbolication
0x0000000000f2a000 	/System/Library/PrivateFrameworks/SpeechRecognitionCore.framework/Versions/A/SpeechRecognitionCore
0x0000000105d03000 	/System/Library/CoreServices/Encodings/libSimplifiedChineseConverter.dylib
0x0000000106600000 	/Library/Java/JavaVirtualMachines/jdk1.8.0_60.jdk/Contents/Home/jre/lib/server/libjvm.dylib
0x0000000000f2a000 	/usr/lib/libstdc++.6.dylib
0x0000000105d4b000 	/Library/Java/JavaVirtualMachines/jdk1.8.0_60.jdk/Contents/Home/jre/lib/libverify.dylib
0x0000000105d59000 	/Library/Java/JavaVirtualMachines/jdk1.8.0_60.jdk/Contents/Home/jre/lib/libjava.dylib
0x0000000105d98000 	/Library/Java/JavaVirtualMachines/jdk1.8.0_60.jdk/Contents/Home/jre/lib/libzip.dylib
0x000000011a926000 	/System/Library/Frameworks/JavaVM.framework/Frameworks/JavaRuntimeSupport.framework/JavaRuntimeSupport
0x000000011a941000 	/System/Library/Frameworks/JavaVM.framework/Versions/A/Frameworks/JavaNativeFoundation.framework/Versions/A/JavaNativeFoundation
0x000000011a956000 	/System/Library/Frameworks/JavaVM.framework/Versions/A/JavaVM
0x0000000000f2a000 	/System/Library/Frameworks/Carbon.framework/Versions/A/Carbon
0x000000011a963000 	/System/Library/PrivateFrameworks/JavaLaunching.framework/Versions/A/JavaLaunching
0x0000000000f2a000 	/System/Library/Frameworks/Carbon.framework/Versions/A/Frameworks/CommonPanels.framework/Versions/A/CommonPanels
0x0000000000f2a000 	/System/Library/Frameworks/Carbon.framework/Versions/A/Frameworks/Help.framework/Versions/A/Help
0x0000000000f2a000 	/System/Library/Frameworks/Carbon.framework/Versions/A/Frameworks/ImageCapture.framework/Versions/A/ImageCapture
0x0000000000f2a000 	/System/Library/Frameworks/Carbon.framework/Versions/A/Frameworks/OpenScripting.framework/Versions/A/OpenScripting
0x0000000000f2a000 	/System/Library/Frameworks/Carbon.framework/Versions/A/Frameworks/Print.framework/Versions/A/Print
0x0000000000f2a000 	/System/Library/Frameworks/Carbon.framework/Versions/A/Frameworks/SecurityHI.framework/Versions/A/SecurityHI
0x000000011c2cc000 	/Library/Java/JavaVirtualMachines/jdk1.8.0_60.jdk/Contents/Home/jre/lib/libawt.dylib
0x000000011c374000 	/Library/Java/JavaVirtualMachines/jdk1.8.0_60.jdk/Contents/Home/jre/lib/./libmlib_image.dylib
0x000000011c440000 	/Library/Java/JavaVirtualMachines/jdk1.8.0_60.jdk/Contents/Home/jre/lib/libawt_lwawt.dylib
0x000000011c4f5000 	/Library/Java/JavaVirtualMachines/jdk1.8.0_60.jdk/Contents/Home/jre/lib/./libosxapp.dylib
0x0000000000f2a000 	/System/Library/Frameworks/ExceptionHandling.framework/Versions/A/ExceptionHandling
0x0000000000f2a000 	/System/Library/PrivateFrameworks/CoreServicesInternal.framework/Versions/A/CoreServicesInternal
0x0000000000f2a000 	/System/Library/Frameworks/CoreGraphics.framework/Versions/A/Resources/libRIP.A.dylib
0x0000000000f2a000 	/System/Library/Frameworks/Accelerate.framework/Versions/A/Frameworks/vImage.framework/Versions/A/Libraries/libCGInterfaces.dylib
0x0000000000f2a000 	/System/Library/Frameworks/CoreGraphics.framework/Versions/A/Resources/libCGXType.A.dylib
0x0000000000f2a000 	/System/Library/Frameworks/OpenCL.framework/Versions/A/Libraries/libcldcpuengine.dylib
0x0000000000f2a000 	/System/Library/PrivateFrameworks/DiskImages.framework/Versions/A/DiskImages
0x0000000000f2a000 	/System/Library/Frameworks/DiscRecording.framework/Versions/A/DiscRecording
0x0000000000f2a000 	/usr/lib/libcsfde.dylib
0x0000000000f2a000 	/usr/lib/libcurl.4.dylib
0x0000000000f2a000 	/System/Library/PrivateFrameworks/MediaKit.framework/Versions/A/MediaKit
0x0000000000f2a000 	/System/Library/PrivateFrameworks/ProtectedCloudStorage.framework/Versions/A/ProtectedCloudStorage
0x0000000000f2a000 	/usr/lib/libCoreStorage.dylib
0x0000000000f2a000 	/System/Library/PrivateFrameworks/EFILogin.framework/Versions/A/EFILogin
0x0000000000f2a000 	/usr/lib/libutil.dylib
0x0000000000f2a000 	/System/Library/PrivateFrameworks/FindMyDevice.framework/Versions/A/FindMyDevice
0x0000000000f2a000 	/System/Library/Frameworks/LDAP.framework/Versions/A/LDAP
0x0000000000f2a000 	/usr/lib/libsasl2.2.dylib
0x0000000000f2a000 	/System/Library/PrivateFrameworks/CoreDaemon.framework/Versions/B/CoreDaemon
0x0000000000f2a000 	/usr/lib/libcrypto.0.9.8.dylib
0x0000000000f2a000 	/System/Library/PrivateFrameworks/AppleSRP.framework/Versions/A/AppleSRP
0x0000000000f2a000 	/System/Library/PrivateFrameworks/TrustEvaluationAgent.framework/Versions/A/TrustEvaluationAgent
0x000000011dd05000 	cl_kernels
0x0000000000f2a000 	/System/Library/Frameworks/OpenCL.framework/Versions/A/Libraries/ImageFormats/unorm8_bgra.dylib
0x0000000000f2a000 	/System/Library/Frameworks/OpenCL.framework/Versions/A/Libraries/ImageFormats/unorm8_rgba.dylib
0x0000000000f2a000 	/System/Library/PrivateFrameworks/FamilyControls.framework/Versions/A/FamilyControls
0x0000000000f2a000 	/System/Library/PrivateFrameworks/CommerceKit.framework/Versions/A/Frameworks/CommerceCore.framework/Versions/A/CommerceCore
0x0000000000f2a000 	/System/Library/PrivateFrameworks/SystemAdministration.framework/Versions/A/SystemAdministration
0x0000000000f2a000 	/System/Library/PrivateFrameworks/AppContainer.framework/Versions/A/AppContainer
0x0000000000f2a000 	/System/Library/PrivateFrameworks/SecCodeWrapper.framework/Versions/A/SecCodeWrapper
0x0000000000f2a000 	/System/Library/Frameworks/DirectoryService.framework/Versions/A/DirectoryService
0x0000000000f2a000 	/System/Library/PrivateFrameworks/LoginUIKit.framework/Versions/A/Frameworks/LoginUICore.framework/Versions/A/LoginUICore
0x0000000000f2a000 	/usr/lib/libodfde.dylib
0x0000000000f2a000 	/System/Library/Frameworks/OpenGL.framework/Versions/A/Resources/GLEngine.bundle/GLEngine
0x0000000000f2a000 	/System/Library/Frameworks/OpenGL.framework/Versions/A/Libraries/libGLProgrammability.dylib
0x000000011ed1f000 	/System/Library/Extensions/AppleIntelHD4000GraphicsGLDriver.bundle/Contents/MacOS/AppleIntelHD4000GraphicsGLDriver
0x0000000000f2a000 	/System/Library/PrivateFrameworks/GPUSupport.framework/Versions/A/Libraries/libGPUSupportMercury.dylib
0x0000000000f2a000 	/System/Library/Frameworks/OpenGL.framework/Versions/A/Resources/GLRendererFloat.bundle/GLRendererFloat
0x000000011fc69000 	/Library/Java/JavaVirtualMachines/jdk1.8.0_60.jdk/Contents/Home/jre/lib/libfontmanager.dylib
0x0000000125dca000 	/Library/Java/JavaVirtualMachines/jdk1.8.0_60.jdk/Contents/Home/jre/lib/libosxui.dylib
0x0000000126adb000 	/Library/Java/JavaVirtualMachines/jdk1.8.0_60.jdk/Contents/Home/jre/lib/libnet.dylib
0x0000000126b3a000 	/Library/Java/JavaVirtualMachines/jdk1.8.0_60.jdk/Contents/Home/jre/lib/libnio.dylib
0x0000000000f2a000 	/System/Library/Frameworks/ApplicationServices.framework/Versions/A/Frameworks/ATS.framework/Versions/A/Resources/libTrueTypeScaler.dylib
0x0000000188c1f000 	/System/Library/Extensions/AppleIntelHD4000GraphicsMTLDriver.bundle/Contents/MacOS/AppleIntelHD4000GraphicsMTLDriver
0x0000000188b2f000 	/private/var/folders/p9/f2k8tf91787dq41zbzy2vwz40000gn/T/jogamp_0000/file_cache/jln8963662119775217706/jln726796812489473997/libgluegen-rt.jnilib
0x0000000188b34000 	/private/var/folders/p9/f2k8tf91787dq41zbzy2vwz40000gn/T/jogamp_0000/file_cache/jln8963662119775217706/jln726796812489473997/libnativewindow_awt.jnilib
0x0000000188b37000 	/Library/Java/JavaVirtualMachines/jdk1.8.0_60.jdk/Contents/Home/jre/lib/libjawt.dylib
0x0000000188b3a000 	/private/var/folders/p9/f2k8tf91787dq41zbzy2vwz40000gn/T/jogamp_0000/file_cache/jln8963662119775217706/jln726796812489473997/libnativewindow_macosx.jnilib
0x000000018a45d000 	/private/var/folders/p9/f2k8tf91787dq41zbzy2vwz40000gn/T/jogamp_0000/file_cache/jln8963662119775217706/jln726796812489473997/libjogl_desktop.jnilib
0x000000011d89b000 	/Library/Java/JavaVirtualMachines/jdk1.8.0_60.jdk/Contents/Home/jre/lib/libjpeg.dylib

VM Arguments:
jvm_args: -Djava.security.policy=java.policy.applet -Dfile.encoding=UTF-8 
java_command: sun.applet.AppletViewer module1.HelloWorld1470803753339.html
java_class_path (initial): /Users/lING/Documents/workspace/UCSDUnfoldingMaps/build:/Users/lING/Documents/workspace/UCSDUnfoldingMaps/lib/core.jar:/Users/lING/Documents/workspace/UCSDUnfoldingMaps/lib/gluegen-rt.jar:/Users/lING/Documents/workspace/UCSDUnfoldingMaps/lib/jogl-all.jar:/Users/lING/Documents/workspace/UCSDUnfoldingMaps/lib/log4j-1.2.15.jar:/Users/lING/Documents/workspace/UCSDUnfoldingMaps/lib/sqlite-jdbc-3.7.2.jar:/Users/lING/Documents/workspace/UCSDUnfoldingMaps/lib/json4processing.jar:/Users/lING/Documents/workspace/UCSDUnfoldingMaps/lib/libTUIO.jar:/Users/lING/Documents/workspace/UCSDUnfoldingMaps/lib/unfolding.0.9.7-uscd.jar
Launcher Type: SUN_STANDARD

Environment Variables:
PATH=/usr/bin:/bin:/usr/sbin:/sbin
SHELL=/bin/bash

Signal Handlers:
SIGSEGV: [libjvm.dylib+0x5a6d31], sa_mask[0]=11111111011111110111111111111111, sa_flags=SA_ONSTACK|SA_RESTART|SA_SIGINFO
SIGBUS: [libjvm.dylib+0x5a6d31], sa_mask[0]=11111111011111110111111111111111, sa_flags=SA_RESTART|SA_SIGINFO
SIGFPE: [libjvm.dylib+0x480a4c], sa_mask[0]=11111111011111110111111111111111, sa_flags=SA_RESTART|SA_SIGINFO
SIGPIPE: [libjvm.dylib+0x480a4c], sa_mask[0]=11111111011111110111111111111111, sa_flags=SA_RESTART|SA_SIGINFO
SIGXFSZ: [libjvm.dylib+0x480a4c], sa_mask[0]=11111111011111110111111111111111, sa_flags=SA_RESTART|SA_SIGINFO
SIGILL: [libjvm.dylib+0x480a4c], sa_mask[0]=11111111011111110111111111111111, sa_flags=SA_RESTART|SA_SIGINFO
SIGUSR1: SIG_DFL, sa_mask[0]=00000000000000000000000000000000, sa_flags=none
SIGUSR2: [libjvm.dylib+0x48056a], sa_mask[0]=00100000000000000000000000000000, sa_flags=SA_RESTART|SA_SIGINFO
SIGHUP: [libjvm.dylib+0x47eb41], sa_mask[0]=11111111011111110111111111111111, sa_flags=SA_RESTART|SA_SIGINFO
SIGINT: [libjvm.dylib+0x47eb41], sa_mask[0]=11111111011111110111111111111111, sa_flags=SA_RESTART|SA_SIGINFO
SIGTERM: [libjvm.dylib+0x47eb41], sa_mask[0]=11111111011111110111111111111111, sa_flags=SA_RESTART|SA_SIGINFO
SIGQUIT: [libjvm.dylib+0x47eb41], sa_mask[0]=11111111011111110111111111111111, sa_flags=SA_RESTART|SA_SIGINFO


---------------  S Y S T E M  ---------------

OS:Bsduname:Darwin 15.5.0 Darwin Kernel Version 15.5.0: Tue Apr 19 18:36:36 PDT 2016; root:xnu-3248.50.21~8/RELEASE_X86_64 x86_64
rlimit: STACK 8192k, CORE 0k, NPROC 709, NOFILE 10240, AS infinity
load average:2.35 2.83 2.76

CPU:total 4 (2 cores per cpu, 2 threads per core) family 6 model 58 stepping 9, cmov, cx8, fxsr, mmx, sse, sse2, sse3, ssse3, sse4.1, sse4.2, popcnt, avx, aes, clmul, erms, ht, tsc, tscinvbit, tscinv

Memory: 4k page, physical 4194304k(93580k free)

/proc/meminfo:


vm_info: Java HotSpot(TM) 64-Bit Server VM (25.60-b23) for bsd-amd64 JRE (1.8.0_60-b27), built on Aug  4 2015 10:47:24 by "java_re" with gcc 4.2.1 (Based on Apple Inc. build 5658) (LLVM build 2336.11.00)

time: Tue Aug  9 21:36:06 2016
elapsed time: 13 seconds (0d 0h 0m 13s)

