#
# A fatal error has been detected by the Java Runtime Environment:
#
#  SIGSEGV (0xb) at pc=0x00007fff83f534dd, pid=6912, tid=2571
#
# JRE version: Java(TM) SE Runtime Environment (8.0_60-b27) (build 1.8.0_60-b27)
# Java VM: Java HotSpot(TM) 64-Bit Server VM (25.60-b23 mixed mode bsd-amd64 compressed oops)
# Problematic frame:
# C  [libobjc.A.dylib+0x14dd]  objc_msgSend+0x1d
#
# Failed to write core dump. Core dumps have been disabled. To enable core dumping, try "ulimit -c unlimited" before starting Java again
#
# If you would like to submit a bug report, please visit:
#   http://bugreport.java.com/bugreport/crash.jsp
# The crash happened outside the Java Virtual Machine in native code.
# See problematic frame for where to report the bug.
#

---------------  T H R E A D  ---------------

Current thread (0x00007ff895052000):  JavaThread "AWT-AppKit" daemon [_thread_in_native, id=2571, stack(0x00007fff59299000,0x00007fff59a99000)]

siginfo: si_signo: 11 (SIGSEGV), si_code: 1 (SEGV_MAPERR), si_addr: 0x0000000000000018

Registers:
RAX=0x00007ff898f004d0, RBX=0x000000018929d450, RCX=0x000000011d96a4e0, RDX=0x000000011d96a820
RSP=0x00007fff59a943a8, RBP=0x00007fff59a94460, RSI=0x00007fff84860cde, RDI=0x00007ff893f02bd0
R8 =0x0000000000000000, R9 =0x00000000000008b0, R10=0x00007fff84860cde, R11=0x0000000000000000
R12=0x0000000000000000, R13=0x000000018acc1608, R14=0x000000018929d440, R15=0x00007ff895052000
RIP=0x00007fff83f534dd, EFLAGS=0x0000000000010246, ERR=0x0000000000000004
  TRAPNO=0x000000000000000e

Top of Stack: (sp=0x00007fff59a943a8)
0x00007fff59a943a8:   000000018929b157 00007fff59a94400
0x00007fff59a943b8:   0000000000000003 00007fff59a943e0
0x00007fff59a943c8:   00000001065e8992 000000018acc1608
0x00007fff59a943d8:   000000018acc1608 00007ff898f004d0
0x00007fff59a943e8:   000000018929d6a0 000000018929d710
0x00007fff59a943f8:   00007fff7349c770 00007fff711fc500
0x00007fff59a94408:   000000018929d450 000000018929d690
0x00007fff59a94418:   00007ff898f004d0 00007ff893f02bd0
0x00007fff59a94428:   00007ff893f2f5b0 00007ff898f004d0
0x00007fff59a94438:   00007ff893f02bd0 00007fff59a944e8
0x00007fff59a94448:   00007ff8950521f8 000000018acc1608
0x00007fff59a94458:   00007fff59a94510 00007fff59a944d8
0x00007fff59a94468:   0000000107c15954 000000018acc1608
0x00007fff59a94478:   00007fff59a94510 00007fff59a944d8
0x00007fff59a94488:   0000000107c156e7 0000000107c156a2
0x00007fff59a94498:   00007fff59a94498 000000018acc1608
0x00007fff59a944a8:   00007fff59a94510 000000018acc4240
0x00007fff59a944b8:   0000000000000000 000000018acc1608
0x00007fff59a944c8:   0000000000000000 00007fff59a944f8
0x00007fff59a944d8:   00007fff59a94558 0000000107c07c4d
0x00007fff59a944e8:   0000000780cbde90 0000000107c0f578
0x00007fff59a944f8:   00007ff898f004d0 00007fff59a94558
0x00007fff59a94508:   00007ff893f02bd0 0000000107c10d82
0x00007fff59a94518:   00007fff59a94518 000000018acc17d2
0x00007fff59a94528:   00007fff59a94580 000000018acc4240
0x00007fff59a94538:   0000000000000000 000000018acc17e0
0x00007fff59a94548:   00007fff59a944f8 00007fff59a94568
0x00007fff59a94558:   00007fff59a945c8 0000000107c07c4d
0x00007fff59a94568:   00007ff898f004d0 00000007804e8ae8
0x00007fff59a94578:   00007ff893f02bd0 00000007804e8ae8
0x00007fff59a94588:   00007fff59a94588 000000018f01be4e
0x00007fff59a94598:   00007fff59a945d8 000000018f01bf08 

Instructions: (pc=0x00007fff83f534dd)
0x00007fff83f534bd:   44 00 00 48 85 ff 2e 74 62 40 f6 c7 01 2e 75 66
0x00007fff83f534cd:   49 bb f8 ff ff ff ff 7f 00 00 4c 23 1f 49 89 f2
0x00007fff83f534dd:   45 23 53 18 49 c1 e2 04 4d 03 53 10 49 3b 32 75
0x00007fff83f534ed:   04 41 ff 62 08 49 83 3a 01 76 0d 49 83 c2 10 49 

Register to memory mapping:

RAX=0x00007ff898f004d0 is an unknown value
RBX=0x000000018929d450: Java_jogamp_nativewindow_macosx_OSXUtil_GetScreenRefreshRate0+0x1cf0 in /private/var/folders/p9/f2k8tf91787dq41zbzy2vwz40000gn/T/jogamp_0000/file_cache/jln984765289987583623/jln8923622483985992986/libnativewindow_macosx.jnilib at 0x0000000189296000
RCX=0x000000011d96a4e0 is an unknown value
RDX=0x000000011d96a820 is an unknown value
RSP=0x00007fff59a943a8 is pointing into the stack for thread: 0x00007ff895052000
RBP=0x00007fff59a94460 is pointing into the stack for thread: 0x00007ff895052000
RSI=0x00007fff84860cde is an unknown value
RDI=0x00007ff893f02bd0 is an unknown value
R8 =0x0000000000000000 is an unknown value
R9 =0x00000000000008b0 is an unknown value
R10=0x00007fff84860cde is an unknown value
R11=0x0000000000000000 is an unknown value
R12=0x0000000000000000 is an unknown value
R13={method} {0x000000018acc1608} 'UnsetJAWTRootSurfaceLayer0' '(JJ)V' in 'jogamp/nativewindow/jawt/macosx/MacOSXJAWTWindow'
R14=0x000000018929d440: Java_jogamp_nativewindow_macosx_OSXUtil_GetScreenRefreshRate0+0x1ce0 in /private/var/folders/p9/f2k8tf91787dq41zbzy2vwz40000gn/T/jogamp_0000/file_cache/jln984765289987583623/jln8923622483985992986/libnativewindow_macosx.jnilib at 0x0000000189296000
R15=0x00007ff895052000 is a thread


Stack: [0x00007fff59299000,0x00007fff59a99000],  sp=0x00007fff59a943a8,  free space=8172k
Native frames: (J=compiled Java code, j=interpreted, Vv=VM code, C=native code)
C  [libobjc.A.dylib+0x14dd]  objc_msgSend+0x1d
j  jogamp.nativewindow.jawt.macosx.MacOSXJAWTWindow.UnsetJAWTRootSurfaceLayer0(JJ)V+0
j  jogamp.nativewindow.jawt.macosx.MacOSXJAWTWindow.access$200(JJ)V+2
j  jogamp.nativewindow.jawt.macosx.MacOSXJAWTWindow$1.run()V+38
J 1723 C1 com.jogamp.common.util.RunnableTask.run()V (345 bytes) @ 0x00000001081a67d4 [0x00000001081a6640+0x194]
v  ~StubRoutines::call_stub
V  [libjvm.dylib+0x2eab0e]  JavaCalls::call_helper(JavaValue*, methodHandle*, JavaCallArguments*, Thread*)+0x6ae
V  [libjvm.dylib+0x321bb7]  jni_invoke_nonstatic(JNIEnv_*, JavaValue*, _jobject*, JNICallType, _jmethodID*, JNI_ArgumentPusher*, Thread*)+0x2ec
V  [libjvm.dylib+0x31438b]  jni_CallVoidMethod+0x16b
C  [libnativewindow_macosx.jnilib+0x5326]  Java_jogamp_nativewindow_jawt_macosx_MacOSXJAWTWindow_UnsetJAWTRootSurfaceLayer0+0x2b6
C  [Foundation+0x76fde]  __NSThreadPerformPerform+0x117
C  [CoreFoundation+0xaa881]  __CFRUNLOOP_IS_CALLING_OUT_TO_A_SOURCE0_PERFORM_FUNCTION__+0x11
C  [CoreFoundation+0x89f37]  __CFRunLoopDoSources0+0x1a7
C  [CoreFoundation+0x894df]  __CFRunLoopRun+0x39f
C  [CoreFoundation+0x88ed8]  CFRunLoopRunSpecific+0x128
C  [HIToolbox+0x30935]  RunCurrentEventLoopInMode+0xeb
C  [HIToolbox+0x30677]  ReceiveNextEventCommon+0xb8
C  [HIToolbox+0x305af]  _BlockUntilNextEventMatchingListInModeWithFilter+0x47
C  [AppKit+0x48df6]  _DPSNextEvent+0x42b
C  [AppKit+0x48226]  -[NSApplication _nextEventMatchingEventMask:untilDate:inMode:dequeue:]+0x1c6
C  [libosxapp.dylib+0x23aa]  -[NSApplicationAWT nextEventMatchingMask:untilDate:inMode:dequeue:]+0x7c
C  [AppKit+0x3cd80]  -[NSApplication run]+0x2aa
C  [libosxapp.dylib+0x214d]  +[NSApplicationAWT runAWTLoopWithApp:]+0x9c
C  [libawt_lwawt.dylib+0x44517]  -[AWTStarter starter:]+0x389
C  [Foundation+0x76fde]  __NSThreadPerformPerform+0x117
C  [CoreFoundation+0xaa881]  __CFRUNLOOP_IS_CALLING_OUT_TO_A_SOURCE0_PERFORM_FUNCTION__+0x11
C  [CoreFoundation+0x89fbc]  __CFRunLoopDoSources0+0x22c
C  [CoreFoundation+0x894df]  __CFRunLoopRun+0x39f
C  [CoreFoundation+0x88ed8]  CFRunLoopRunSpecific+0x128
C  [java+0x6463]  CreateExecutionEnvironment+0x367
C  [java+0x21ac]  JLI_Launch+0x7a0
C  [java+0x84c0]  main+0x65
C  [java+0x1a04]  start+0x34
C  0x0000000000000007

Java frames: (J=compiled Java code, j=interpreted, Vv=VM code)
j  jogamp.nativewindow.jawt.macosx.MacOSXJAWTWindow.UnsetJAWTRootSurfaceLayer0(JJ)V+0
j  jogamp.nativewindow.jawt.macosx.MacOSXJAWTWindow.access$200(JJ)V+2
j  jogamp.nativewindow.jawt.macosx.MacOSXJAWTWindow$1.run()V+38
J 1723 C1 com.jogamp.common.util.RunnableTask.run()V (345 bytes) @ 0x00000001081a67d4 [0x00000001081a6640+0x194]
v  ~StubRoutines::call_stub

---------------  P R O C E S S  ---------------

Java Threads: ( => current thread )
  0x00007ff8953e2000 JavaThread "Thread-28" [_thread_blocked, id=14647, stack(0x000070000196b000,0x0000700001a6b000)]
  0x00007ff8940e8000 JavaThread "AWT-EventQueue-1" [_thread_in_native, id=59687, stack(0x0000700001868000,0x0000700001968000)]
  0x00007ff895126000 JavaThread "DestroyJavaVM" [_thread_blocked, id=5891, stack(0x000070000011a000,0x000070000021a000)]
  0x00007ff894107800 JavaThread "AWT-EventQueue-0" [_thread_blocked, id=56835, stack(0x0000700001662000,0x0000700001762000)]
  0x00007ff894a52000 JavaThread "Java2D Disposer" daemon [_thread_blocked, id=53511, stack(0x00007000013d9000,0x00007000014d9000)]
  0x00007ff894007800 JavaThread "Java2D Queue Flusher" daemon [_thread_blocked, id=49927, stack(0x00007000012d6000,0x00007000013d6000)]
  0x00007ff894970800 JavaThread "AWT-Shutdown" [_thread_blocked, id=29979, stack(0x0000700001150000,0x0000700001250000)]
=>0x00007ff895052000 JavaThread "AWT-AppKit" daemon [_thread_in_native, id=2571, stack(0x00007fff59299000,0x00007fff59a99000)]
  0x00007ff89482d800 JavaThread "Service Thread" daemon [_thread_blocked, id=18691, stack(0x0000700000e44000,0x0000700000f44000)]
  0x00007ff895813000 JavaThread "C1 CompilerThread2" daemon [_thread_blocked, id=18179, stack(0x0000700000d41000,0x0000700000e41000)]
  0x00007ff89580d800 JavaThread "C2 CompilerThread1" daemon [_thread_blocked, id=17667, stack(0x0000700000c3e000,0x0000700000d3e000)]
  0x00007ff894828800 JavaThread "C2 CompilerThread0" daemon [_thread_blocked, id=17155, stack(0x0000700000b3b000,0x0000700000c3b000)]
  0x00007ff895800000 JavaThread "Signal Dispatcher" daemon [_thread_blocked, id=13839, stack(0x0000700000a38000,0x0000700000b38000)]
  0x00007ff895029000 JavaThread "Finalizer" daemon [_thread_blocked, id=12291, stack(0x000070000082f000,0x000070000092f000)]
  0x00007ff89402f000 JavaThread "Reference Handler" daemon [_thread_blocked, id=11779, stack(0x000070000072c000,0x000070000082c000)]

Other Threads:
  0x00007ff895028800 VMThread [stack: 0x0000700000629000,0x0000700000729000] [id=11267]
  0x00007ff89580c000 WatcherThread [stack: 0x0000700000f47000,0x0000700001047000] [id=19203]

VM state:not at safepoint (normal execution)

VM Mutex/Monitor currently owned by a thread: None

Heap:
 PSYoungGen      total 52224K, used 36065K [0x00000007aab00000, 0x00000007af180000, 0x00000007c0000000)
  eden space 51712K, 69% used [0x00000007aab00000,0x00000007ace28680,0x00000007add80000)
  from space 512K, 12% used [0x00000007adf80000,0x00000007adf90000,0x00000007ae000000)
  to   space 10240K, 0% used [0x00000007ae780000,0x00000007ae780000,0x00000007af180000)
 ParOldGen       total 44032K, used 20114K [0x0000000780000000, 0x0000000782b00000, 0x00000007aab00000)
  object space 44032K, 45% used [0x0000000780000000,0x00000007813a4a18,0x0000000782b00000)
 Metaspace       used 19095K, capacity 19271K, committed 19328K, reserved 1067008K
  class space    used 1868K, capacity 1918K, committed 1920K, reserved 1048576K

Card table byte_map: [0x0000000116fc0000,0x00000001171c1000] byte_map_base: 0x00000001133c0000

Marking Bits: (ParMarkBitMap*) 0x0000000106cd5e20
 Begin Bits: [0x0000000117317000, 0x0000000118317000)
 End Bits:   [0x0000000118317000, 0x0000000119317000)

Polling page: 0x00000001073c7000

CodeCache: size=245760Kb used=7387Kb max_used=7422Kb free=238372Kb
 bounds [0x0000000107c00000, 0x0000000108350000, 0x0000000116c00000]
 total_blobs=2874 nmethods=2001 adapters=787
 compilation: enabled

Compilation events (10 events):
Event: 63.289 Thread 0x00007ff895813000 2157   !   3       sun.lwawt.LWComponentPeer::isShowing (49 bytes)
Event: 63.290 Thread 0x00007ff895813000 nmethod 2157 0x0000000108310d50 code [0x0000000108310f00, 0x00000001083117e8]
Event: 63.298 Thread 0x00007ff895813000 2158       3       java.lang.Integer::equals (29 bytes)
Event: 63.298 Thread 0x00007ff895813000 nmethod 2158 0x0000000108310690 code [0x0000000108310800, 0x0000000108310c70]
Event: 63.300 Thread 0x00007ff895813000 2159       3       java.util.Stack::empty (13 bytes)
Event: 63.300 Thread 0x00007ff895813000 nmethod 2159 0x0000000107f99750 code [0x0000000107f998c0, 0x0000000107f99c90]
Event: 63.326 Thread 0x00007ff894828800 2160  s    4       sun.misc.URLClassPath::getNextLoader (88 bytes)
Event: 63.331 Thread 0x00007ff895813000 2161       1       sun.java2d.SurfaceData::isValid (5 bytes)
Event: 63.331 Thread 0x00007ff895813000 nmethod 2161 0x0000000107f97410 code [0x0000000107f97560, 0x0000000107f97670]
Event: 63.334 Thread 0x00007ff894828800 nmethod 2160 0x0000000107f9e190 code [0x0000000107f9e300, 0x0000000107f9ea78]

GC Heap History (10 events):
Event: 16.426 GC heap before
{Heap before GC invocations=7 (full 0):
 PSYoungGen      total 27136K, used 21224K [0x00000007aab00000, 0x00000007ade00000, 0x00000007c0000000)
  eden space 16896K, 100% used [0x00000007aab00000,0x00000007abb80000,0x00000007abb80000)
  from space 10240K, 42% used [0x00000007ac500000,0x00000007ac93a1f8,0x00000007acf00000)
  to   space 9728K, 0% used [0x00000007abb80000,0x00000007abb80000,0x00000007ac500000)
 ParOldGen       total 44032K, used 10841K [0x0000000780000000, 0x0000000782b00000, 0x00000007aab00000)
  object space 44032K, 24% used [0x0000000780000000,0x0000000780a964f8,0x0000000782b00000)
 Metaspace       used 18625K, capacity 18817K, committed 19072K, reserved 1067008K
  class space    used 1858K, capacity 1917K, committed 1920K, reserved 1048576K
Event: 16.435 GC heap after
Heap after GC invocations=7 (full 0):
 PSYoungGen      total 26624K, used 5922K [0x00000007aab00000, 0x00000007adf00000, 0x00000007c0000000)
  eden space 16896K, 0% used [0x00000007aab00000,0x00000007aab00000,0x00000007abb80000)
  from space 9728K, 60% used [0x00000007abb80000,0x00000007ac1488a0,0x00000007ac500000)
  to   space 9728K, 0% used [0x00000007ad580000,0x00000007ad580000,0x00000007adf00000)
 ParOldGen       total 44032K, used 12381K [0x0000000780000000, 0x0000000782b00000, 0x00000007aab00000)
  object space 44032K, 28% used [0x0000000780000000,0x0000000780c17710,0x0000000782b00000)
 Metaspace       used 18625K, capacity 18817K, committed 19072K, reserved 1067008K
  class space    used 1858K, capacity 1917K, committed 1920K, reserved 1048576K
}
Event: 16.742 GC heap before
{Heap before GC invocations=8 (full 0):
 PSYoungGen      total 26624K, used 22818K [0x00000007aab00000, 0x00000007adf00000, 0x00000007c0000000)
  eden space 16896K, 100% used [0x00000007aab00000,0x00000007abb80000,0x00000007abb80000)
  from space 9728K, 60% used [0x00000007abb80000,0x00000007ac1488a0,0x00000007ac500000)
  to   space 9728K, 0% used [0x00000007ad580000,0x00000007ad580000,0x00000007adf00000)
 ParOldGen       total 44032K, used 12676K [0x0000000780000000, 0x0000000782b00000, 0x00000007aab00000)
  object space 44032K, 28% used [0x0000000780000000,0x0000000780c61100,0x0000000782b00000)
 Metaspace       used 18718K, capacity 18881K, committed 19072K, reserved 1067008K
  class space    used 1858K, capacity 1917K, committed 1920K, reserved 1048576K
Event: 16.752 GC heap after
Heap after GC invocations=8 (full 0):
 PSYoungGen      total 43520K, used 6480K [0x00000007aab00000, 0x00000007adf00000, 0x00000007c0000000)
  eden space 33792K, 0% used [0x00000007aab00000,0x00000007aab00000,0x00000007acc00000)
  from space 9728K, 66% used [0x00000007ad580000,0x00000007adbd41b0,0x00000007adf00000)
  to   space 9728K, 0% used [0x00000007acc00000,0x00000007acc00000,0x00000007ad580000)
 ParOldGen       total 44032K, used 13641K [0x0000000780000000, 0x0000000782b00000, 0x00000007aab00000)
  object space 44032K, 30% used [0x0000000780000000,0x0000000780d527d8,0x0000000782b00000)
 Metaspace       used 18718K, capacity 18881K, committed 19072K, reserved 1067008K
  class space    used 1858K, capacity 1917K, committed 1920K, reserved 1048576K
}
Event: 25.960 GC heap before
{Heap before GC invocations=9 (full 0):
 PSYoungGen      total 43520K, used 40272K [0x00000007aab00000, 0x00000007adf00000, 0x00000007c0000000)
  eden space 33792K, 100% used [0x00000007aab00000,0x00000007acc00000,0x00000007acc00000)
  from space 9728K, 66% used [0x00000007ad580000,0x00000007adbd41b0,0x00000007adf00000)
  to   space 9728K, 0% used [0x00000007acc00000,0x00000007acc00000,0x00000007ad580000)
 ParOldGen       total 44032K, used 13641K [0x0000000780000000, 0x0000000782b00000, 0x00000007aab00000)
  object space 44032K, 30% used [0x0000000780000000,0x0000000780d527d8,0x0000000782b00000)
 Metaspace       used 19061K, capacity 19271K, committed 19328K, reserved 1067008K
  class space    used 1861K, capacity 1918K, committed 1920K, reserved 1048576K
Event: 25.968 GC heap after
Heap after GC invocations=9 (full 0):
 PSYoungGen      total 43520K, used 5536K [0x00000007aab00000, 0x00000007af200000, 0x00000007c0000000)
  eden space 33792K, 0% used [0x00000007aab00000,0x00000007aab00000,0x00000007acc00000)
  from space 9728K, 56% used [0x00000007acc00000,0x00000007ad168150,0x00000007ad580000)
  to   space 9216K, 0% used [0x00000007ae900000,0x00000007ae900000,0x00000007af200000)
 ParOldGen       total 44032K, used 14610K [0x0000000780000000, 0x0000000782b00000, 0x00000007aab00000)
  object space 44032K, 33% used [0x0000000780000000,0x0000000780e448c8,0x0000000782b00000)
 Metaspace       used 19061K, capacity 19271K, committed 19328K, reserved 1067008K
  class space    used 1861K, capacity 1918K, committed 1920K, reserved 1048576K
}
Event: 36.052 GC heap before
{Heap before GC invocations=10 (full 0):
 PSYoungGen      total 43520K, used 39328K [0x00000007aab00000, 0x00000007af200000, 0x00000007c0000000)
  eden space 33792K, 100% used [0x00000007aab00000,0x00000007acc00000,0x00000007acc00000)
  from space 9728K, 56% used [0x00000007acc00000,0x00000007ad168150,0x00000007ad580000)
  to   space 9216K, 0% used [0x00000007ae900000,0x00000007ae900000,0x00000007af200000)
 ParOldGen       total 44032K, used 14610K [0x0000000780000000, 0x0000000782b00000, 0x00000007aab00000)
  object space 44032K, 33% used [0x0000000780000000,0x0000000780e448c8,0x0000000782b00000)
 Metaspace       used 19062K, capacity 19271K, committed 19328K, reserved 1067008K
  class space    used 1861K, capacity 1918K, committed 1920K, reserved 1048576K
Event: 36.057 GC heap after
Heap after GC invocations=10 (full 0):
 PSYoungGen      total 62976K, used 416K [0x00000007aab00000, 0x00000007af300000, 0x00000007c0000000)
  eden space 53760K, 0% used [0x00000007aab00000,0x00000007aab00000,0x00000007adf80000)
  from space 9216K, 4% used [0x00000007ae900000,0x00000007ae968010,0x00000007af200000)
  to   space 9728K, 0% used [0x00000007adf80000,0x00000007adf80000,0x00000007ae900000)
 ParOldGen       total 44032K, used 19786K [0x0000000780000000, 0x0000000782b00000, 0x00000007aab00000)
  object space 44032K, 44% used [0x0000000780000000,0x0000000781352a08,0x0000000782b00000)
 Metaspace       used 19062K, capacity 19271K, committed 19328K, reserved 1067008K
  class space    used 1861K, capacity 1918K, committed 1920K, reserved 1048576K
}
Event: 52.507 GC heap before
{Heap before GC invocations=11 (full 0):
 PSYoungGen      total 62976K, used 54176K [0x00000007aab00000, 0x00000007af300000, 0x00000007c0000000)
  eden space 53760K, 100% used [0x00000007aab00000,0x00000007adf80000,0x00000007adf80000)
  from space 9216K, 4% used [0x00000007ae900000,0x00000007ae968010,0x00000007af200000)
  to   space 9728K, 0% used [0x00000007adf80000,0x00000007adf80000,0x00000007ae900000)
 ParOldGen       total 44032K, used 19786K [0x0000000780000000, 0x0000000782b00000, 0x00000007aab00000)
  object space 44032K, 44% used [0x0000000780000000,0x0000000781352a08,0x0000000782b00000)
 Metaspace       used 19062K, capacity 19271K, committed 19328K, reserved 1067008K
  class space    used 1861K, capacity 1918K, committed 1920K, reserved 1048576K
Event: 52.509 GC heap after
Heap after GC invocations=11 (full 0):
 PSYoungGen      total 52224K, used 64K [0x00000007aab00000, 0x00000007af180000, 0x00000007c0000000)
  eden space 51712K, 0% used [0x00000007aab00000,0x00000007aab00000,0x00000007add80000)
  from space 512K, 12% used [0x00000007adf80000,0x00000007adf90000,0x00000007ae000000)
  to   space 10240K, 0% used [0x00000007ae780000,0x00000007ae780000,0x00000007af180000)
 ParOldGen       total 44032K, used 20114K [0x0000000780000000, 0x0000000782b00000, 0x00000007aab00000)
  object space 44032K, 45% used [0x0000000780000000,0x00000007813a4a18,0x0000000782b00000)
 Metaspace       used 19062K, capacity 19271K, committed 19328K, reserved 1067008K
  class space    used 1861K, capacity 1918K, committed 1920K, reserved 1048576K
}

Deoptimization events (10 events):
Event: 63.280 Thread 0x00007ff8940e8000 Uncommon trap: reason=unstable_if action=reinterpret pc=0x0000000107e09ee8 method=com.jogamp.common.util.VersionNumber.compareTo(Lcom/jogamp/common/util/VersionNumber;)I @ 21
Event: 63.280 Thread 0x00007ff894107800 Uncommon trap: reason=unstable_if action=reinterpret pc=0x0000000108348984 method=sun.lwawt.LWContainerPeer.cutChildren(Lsun/java2d/pipe/Region;Lsun/lwawt/LWComponentPeer;)Lsun/java2d/pipe/Region; @ 67
Event: 63.280 Thread 0x00007ff894107800 Uncommon trap: reason=unstable_if action=reinterpret pc=0x000000010830e96c method=sun.java2d.SunGraphics2D.validateCompClip()V @ 9
Event: 63.283 Thread 0x00007ff894107800 Uncommon trap: reason=unstable_if action=reinterpret pc=0x0000000108315b34 method=sun.java2d.pipe.Region.intersectsQuickCheck(Lsun/java2d/pipe/Region;)Z @ 41
Event: 63.296 Thread 0x00007ff894122800 Uncommon trap: reason=class_check action=maybe_recompile pc=0x00000001082cf014 method=java.util.HashMap.putVal(ILjava/lang/Object;Ljava/lang/Object;ZZ)Ljava/lang/Object; @ 91
Event: 63.296 Thread 0x00007ff894122800 Uncommon trap: reason=class_check action=maybe_recompile pc=0x00000001082cf014 method=java.util.HashMap.putVal(ILjava/lang/Object;Ljava/lang/Object;ZZ)Ljava/lang/Object; @ 91
Event: 63.296 Thread 0x00007ff894122800 Uncommon trap: reason=class_check action=maybe_recompile pc=0x00000001082cf014 method=java.util.HashMap.putVal(ILjava/lang/Object;Ljava/lang/Object;ZZ)Ljava/lang/Object; @ 91
Event: 63.296 Thread 0x00007ff894122800 Uncommon trap: reason=class_check action=maybe_recompile pc=0x00000001082cf014 method=java.util.HashMap.putVal(ILjava/lang/Object;Ljava/lang/Object;ZZ)Ljava/lang/Object; @ 91
Event: 63.327 Thread 0x00007ff8940e8000 Uncommon trap: reason=unstable_if action=reinterpret pc=0x00000001082f3998 method=java.util.LinkedList$ListItr.<init>(Ljava/util/LinkedList;I)V @ 26
Event: 63.329 Thread 0x00007ff8940e8000 Uncommon trap: reason=unstable_if action=reinterpret pc=0x00000001082f3f44 method=java.util.LinkedList$ListItr.<init>(Ljava/util/LinkedList;I)V @ 26

Internal exceptions (10 events):
Event: 0.479 Thread 0x00007ff895801800 Exception <a 'java/lang/NoSuchFieldError': method resolution failed> (0x00000007aad16bd8) thrown at [/Users/java_re/workspace/8-2-build-macosx-x86_64/jdk8u60/4407/hotspot/src/share/vm/prims/methodHandles.cpp, line 1146]
Event: 0.482 Thread 0x00007ff895801800 Exception <a 'java/lang/NoSuchFieldError': method resolution failed> (0x00000007aad243a8) thrown at [/Users/java_re/workspace/8-2-build-macosx-x86_64/jdk8u60/4407/hotspot/src/share/vm/prims/methodHandles.cpp, line 1146]
Event: 1.481 Thread 0x00007ff895801800 Exception <a 'java/io/FileNotFoundException'> (0x00000007aada00c8) thrown at [/Users/java_re/workspace/8-2-build-macosx-x86_64/jdk8u60/4407/hotspot/src/share/vm/prims/jni.cpp, line 709]
Event: 1.481 Thread 0x00007ff895801800 Exception <a 'java/io/FileNotFoundException'> (0x00000007aada0c08) thrown at [/Users/java_re/workspace/8-2-build-macosx-x86_64/jdk8u60/4407/hotspot/src/share/vm/prims/jni.cpp, line 709]
Event: 2.432 Thread 0x00007ff895801800 Exception <a 'java/io/FileNotFoundException'> (0x00000007aaedf6e0) thrown at [/Users/java_re/workspace/8-2-build-macosx-x86_64/jdk8u60/4407/hotspot/src/share/vm/prims/jni.cpp, line 709]
Event: 11.554 Thread 0x00007ff895029000 Exception <a 'java/lang/NullPointerException'> (0x00000007aab8ad18) thrown at [/Users/java_re/workspace/8-2-build-macosx-x86_64/jdk8u60/4407/hotspot/src/share/vm/interpreter/linkResolver.cpp, line 1178]
Event: 11.807 Thread 0x00007ff894d0f000 Exception <a 'java/lang/UnsatisfiedLinkError': com.jogamp.common.util.JarUtil.fixNativeLibAttribs(Ljava/lang/String;)Z> (0x00000007aaf40ca8) thrown at [/Users/java_re/workspace/8-2-build-macosx-x86_64/jdk8u60/4407/hotspot/src/share/vm/prims/nativeLookup.c
Event: 13.175 Thread 0x00007ff8940e8000 Exception <a 'java/io/FileNotFoundException'> (0x00000007ab143378) thrown at [/Users/java_re/workspace/8-2-build-macosx-x86_64/jdk8u60/4407/hotspot/src/share/vm/prims/jni.cpp, line 709]
Event: 13.176 Thread 0x00007ff8940e8000 Exception <a 'java/io/FileNotFoundException'> (0x00000007ab149480) thrown at [/Users/java_re/workspace/8-2-build-macosx-x86_64/jdk8u60/4407/hotspot/src/share/vm/prims/jni.cpp, line 709]
Event: 13.176 Thread 0x00007ff8940e8000 Implicit null exception at 0x0000000107db4cf5 to 0x0000000107db5055

Events (10 events):
Event: 63.329 loading class java/awt/Toolkit$ToolkitEventMulticaster
Event: 63.329 loading class java/awt/Toolkit$ToolkitEventMulticaster done
Event: 63.329 Thread 0x00007ff8940e8000 Uncommon trap: trap_request=0xffffff65 fr.pc=0x00000001082f3f44
Event: 63.329 Thread 0x00007ff8940e8000 DEOPT PACKING pc=0x00000001082f3f44 sp=0x0000700001965830
Event: 63.329 Thread 0x00007ff8940e8000 DEOPT UNPACKING pc=0x0000000107c05229 sp=0x0000700001965788 mode 2
Event: 63.329 Executing VM operation: RevokeBias
Event: 63.329 Executing VM operation: RevokeBias done
Event: 63.330 Thread 0x00007ff894122800 Thread exited: 0x00007ff894122800
Event: 63.330 loading class java/awt/Window$1DisposeAction
Event: 63.331 loading class java/awt/Window$1DisposeAction done


Dynamic libraries:
0x0000000000f2a000 	/System/Library/Frameworks/Cocoa.framework/Versions/A/Cocoa
0x0000000000f2a000 	/System/Library/Frameworks/Security.framework/Versions/A/Security
0x0000000000f2a000 	/System/Library/Frameworks/ApplicationServices.framework/Versions/A/ApplicationServices
0x0000000000f2a000 	/usr/lib/libz.1.dylib
0x0000000000f2a000 	/usr/lib/libSystem.B.dylib
0x0000000000f2a000 	/usr/lib/libobjc.A.dylib
0x0000000000f2a000 	/System/Library/Frameworks/CoreFoundation.framework/Versions/A/CoreFoundation
0x0000000000f2a000 	/System/Library/Frameworks/Foundation.framework/Versions/C/Foundation
0x0000000000f2a000 	/System/Library/Frameworks/AppKit.framework/Versions/C/AppKit
0x0000000000f2a000 	/System/Library/Frameworks/CoreData.framework/Versions/A/CoreData
0x0000000000f2a000 	/System/Library/PrivateFrameworks/RemoteViewServices.framework/Versions/A/RemoteViewServices
0x0000000000f2a000 	/System/Library/PrivateFrameworks/UIFoundation.framework/Versions/A/UIFoundation
0x0000000000f2a000 	/usr/lib/libScreenReader.dylib
0x0000000000f2a000 	/System/Library/Frameworks/Accelerate.framework/Versions/A/Accelerate
0x0000000000f2a000 	/System/Library/Frameworks/IOSurface.framework/Versions/A/IOSurface
0x0000000000f2a000 	/System/Library/Frameworks/AudioToolbox.framework/Versions/A/AudioToolbox
0x0000000000f2a000 	/System/Library/Frameworks/AudioUnit.framework/Versions/A/AudioUnit
0x0000000000f2a000 	/System/Library/PrivateFrameworks/DataDetectorsCore.framework/Versions/A/DataDetectorsCore
0x0000000000f2a000 	/System/Library/PrivateFrameworks/DesktopServicesPriv.framework/Versions/A/DesktopServicesPriv
0x0000000000f2a000 	/System/Library/Frameworks/Carbon.framework/Versions/A/Frameworks/HIToolbox.framework/Versions/A/HIToolbox
0x0000000000f2a000 	/System/Library/Frameworks/QuartzCore.framework/Versions/A/QuartzCore
0x0000000000f2a000 	/System/Library/Frameworks/Carbon.framework/Versions/A/Frameworks/SpeechRecognition.framework/Versions/A/SpeechRecognition
0x0000000000f2a000 	/usr/lib/libauto.dylib
0x0000000000f2a000 	/usr/lib/libicucore.A.dylib
0x0000000000f2a000 	/usr/lib/libxml2.2.dylib
0x0000000000f2a000 	/System/Library/PrivateFrameworks/CoreUI.framework/Versions/A/CoreUI
0x0000000000f2a000 	/System/Library/Frameworks/CoreAudio.framework/Versions/A/CoreAudio
0x0000000000f2a000 	/System/Library/Frameworks/DiskArbitration.framework/Versions/A/DiskArbitration
0x0000000000f2a000 	/usr/lib/liblangid.dylib
0x0000000000f2a000 	/System/Library/PrivateFrameworks/MultitouchSupport.framework/Versions/A/MultitouchSupport
0x0000000000f2a000 	/System/Library/Frameworks/IOKit.framework/Versions/A/IOKit
0x0000000000f2a000 	/usr/lib/libDiagnosticMessagesClient.dylib
0x0000000000f2a000 	/System/Library/Frameworks/CoreServices.framework/Versions/A/CoreServices
0x0000000000f2a000 	/System/Library/PrivateFrameworks/PerformanceAnalysis.framework/Versions/A/PerformanceAnalysis
0x0000000000f2a000 	/System/Library/PrivateFrameworks/GenerationalStorage.framework/Versions/A/GenerationalStorage
0x0000000000f2a000 	/System/Library/Frameworks/OpenGL.framework/Versions/A/OpenGL
0x0000000000f2a000 	/System/Library/PrivateFrameworks/Sharing.framework/Versions/A/Sharing
0x0000000000f2a000 	/System/Library/Frameworks/CoreGraphics.framework/Versions/A/CoreGraphics
0x0000000000f2a000 	/System/Library/Frameworks/CoreImage.framework/Versions/A/CoreImage
0x0000000000f2a000 	/System/Library/Frameworks/CoreText.framework/Versions/A/CoreText
0x0000000000f2a000 	/System/Library/Frameworks/ImageIO.framework/Versions/A/ImageIO
0x0000000000f2a000 	/System/Library/PrivateFrameworks/Backup.framework/Versions/A/Backup
0x0000000000f2a000 	/usr/lib/libextension.dylib
0x0000000000f2a000 	/usr/lib/libarchive.2.dylib
0x0000000000f2a000 	/System/Library/Frameworks/CFNetwork.framework/Versions/A/CFNetwork
0x0000000000f2a000 	/System/Library/Frameworks/SystemConfiguration.framework/Versions/A/SystemConfiguration
0x0000000000f2a000 	/usr/lib/libCRFSuite.dylib
0x0000000000f2a000 	/usr/lib/libc++.1.dylib
0x0000000000f2a000 	/usr/lib/libc++abi.dylib
0x0000000000f2a000 	/usr/lib/system/libcache.dylib
0x0000000000f2a000 	/usr/lib/system/libcommonCrypto.dylib
0x0000000000f2a000 	/usr/lib/system/libcompiler_rt.dylib
0x0000000000f2a000 	/usr/lib/system/libcopyfile.dylib
0x0000000000f2a000 	/usr/lib/system/libcorecrypto.dylib
0x0000000000f2a000 	/usr/lib/system/libdispatch.dylib
0x0000000000f2a000 	/usr/lib/system/libdyld.dylib
0x0000000000f2a000 	/usr/lib/system/libkeymgr.dylib
0x0000000000f2a000 	/usr/lib/system/liblaunch.dylib
0x0000000000f2a000 	/usr/lib/system/libmacho.dylib
0x0000000000f2a000 	/usr/lib/system/libquarantine.dylib
0x0000000000f2a000 	/usr/lib/system/libremovefile.dylib
0x0000000000f2a000 	/usr/lib/system/libsystem_asl.dylib
0x0000000000f2a000 	/usr/lib/system/libsystem_blocks.dylib
0x0000000000f2a000 	/usr/lib/system/libsystem_c.dylib
0x0000000000f2a000 	/usr/lib/system/libsystem_configuration.dylib
0x0000000000f2a000 	/usr/lib/system/libsystem_coreservices.dylib
0x0000000000f2a000 	/usr/lib/system/libsystem_coretls.dylib
0x0000000000f2a000 	/usr/lib/system/libsystem_dnssd.dylib
0x0000000000f2a000 	/usr/lib/system/libsystem_info.dylib
0x0000000000f2a000 	/usr/lib/system/libsystem_kernel.dylib
0x0000000000f2a000 	/usr/lib/system/libsystem_m.dylib
0x0000000000f2a000 	/usr/lib/system/libsystem_malloc.dylib
0x0000000000f2a000 	/usr/lib/system/libsystem_network.dylib
0x0000000000f2a000 	/usr/lib/system/libsystem_networkextension.dylib
0x0000000000f2a000 	/usr/lib/system/libsystem_notify.dylib
0x0000000000f2a000 	/usr/lib/system/libsystem_platform.dylib
0x0000000000f2a000 	/usr/lib/system/libsystem_pthread.dylib
0x0000000000f2a000 	/usr/lib/system/libsystem_sandbox.dylib
0x0000000000f2a000 	/usr/lib/system/libsystem_secinit.dylib
0x0000000000f2a000 	/usr/lib/system/libsystem_trace.dylib
0x0000000000f2a000 	/usr/lib/system/libunc.dylib
0x0000000000f2a000 	/usr/lib/system/libunwind.dylib
0x0000000000f2a000 	/usr/lib/system/libxpc.dylib
0x0000000000f2a000 	/usr/lib/libenergytrace.dylib
0x0000000000f2a000 	/usr/lib/libbsm.0.dylib
0x0000000000f2a000 	/usr/lib/system/libkxld.dylib
0x0000000000f2a000 	/usr/lib/libxar.1.dylib
0x0000000000f2a000 	/usr/lib/libsqlite3.dylib
0x0000000000f2a000 	/usr/lib/libpam.2.dylib
0x0000000000f2a000 	/usr/lib/libOpenScriptingUtil.dylib
0x0000000000f2a000 	/usr/lib/libbz2.1.0.dylib
0x0000000000f2a000 	/usr/lib/liblzma.5.dylib
0x0000000000f2a000 	/System/Library/Frameworks/CoreServices.framework/Versions/A/Frameworks/FSEvents.framework/Versions/A/FSEvents
0x0000000000f2a000 	/System/Library/Frameworks/CoreServices.framework/Versions/A/Frameworks/CarbonCore.framework/Versions/A/CarbonCore
0x0000000000f2a000 	/System/Library/Frameworks/CoreServices.framework/Versions/A/Frameworks/Metadata.framework/Versions/A/Metadata
0x0000000000f2a000 	/System/Library/Frameworks/CoreServices.framework/Versions/A/Frameworks/OSServices.framework/Versions/A/OSServices
0x0000000000f2a000 	/System/Library/Frameworks/CoreServices.framework/Versions/A/Frameworks/SearchKit.framework/Versions/A/SearchKit
0x0000000000f2a000 	/System/Library/Frameworks/CoreServices.framework/Versions/A/Frameworks/AE.framework/Versions/A/AE
0x0000000000f2a000 	/System/Library/Frameworks/CoreServices.framework/Versions/A/Frameworks/LaunchServices.framework/Versions/A/LaunchServices
0x0000000000f2a000 	/System/Library/Frameworks/CoreServices.framework/Versions/A/Frameworks/DictionaryServices.framework/Versions/A/DictionaryServices
0x0000000000f2a000 	/System/Library/Frameworks/CoreServices.framework/Versions/A/Frameworks/SharedFileList.framework/Versions/A/SharedFileList
0x0000000000f2a000 	/System/Library/Frameworks/NetFS.framework/Versions/A/NetFS
0x0000000000f2a000 	/System/Library/PrivateFrameworks/NetAuth.framework/Versions/A/NetAuth
0x0000000000f2a000 	/System/Library/PrivateFrameworks/login.framework/Versions/A/Frameworks/loginsupport.framework/Versions/A/loginsupport
0x0000000000f2a000 	/System/Library/PrivateFrameworks/TCC.framework/Versions/A/TCC
0x0000000000f2a000 	/usr/lib/libmecabra.dylib
0x0000000000f2a000 	/System/Library/Frameworks/ApplicationServices.framework/Versions/A/Frameworks/ATS.framework/Versions/A/ATS
0x0000000000f2a000 	/System/Library/Frameworks/ApplicationServices.framework/Versions/A/Frameworks/ColorSync.framework/Versions/A/ColorSync
0x0000000000f2a000 	/System/Library/Frameworks/ApplicationServices.framework/Versions/A/Frameworks/HIServices.framework/Versions/A/HIServices
0x0000000000f2a000 	/System/Library/Frameworks/ApplicationServices.framework/Versions/A/Frameworks/LangAnalysis.framework/Versions/A/LangAnalysis
0x0000000000f2a000 	/System/Library/Frameworks/ApplicationServices.framework/Versions/A/Frameworks/PrintCore.framework/Versions/A/PrintCore
0x0000000000f2a000 	/System/Library/Frameworks/ApplicationServices.framework/Versions/A/Frameworks/QD.framework/Versions/A/QD
0x0000000000f2a000 	/System/Library/Frameworks/ApplicationServices.framework/Versions/A/Frameworks/SpeechSynthesis.framework/Versions/A/SpeechSynthesis
0x0000000000f2a000 	/System/Library/Frameworks/Metal.framework/Versions/A/Metal
0x0000000000f2a000 	/System/Library/Frameworks/Accelerate.framework/Versions/A/Frameworks/vImage.framework/Versions/A/vImage
0x0000000000f2a000 	/System/Library/Frameworks/Accelerate.framework/Versions/A/Frameworks/vecLib.framework/Versions/A/vecLib
0x0000000000f2a000 	/System/Library/Frameworks/Accelerate.framework/Versions/A/Frameworks/vecLib.framework/Versions/A/libvDSP.dylib
0x0000000000f2a000 	/System/Library/Frameworks/Accelerate.framework/Versions/A/Frameworks/vecLib.framework/Versions/A/libvMisc.dylib
0x0000000000f2a000 	/System/Library/Frameworks/Accelerate.framework/Versions/A/Frameworks/vecLib.framework/Versions/A/libLAPACK.dylib
0x0000000000f2a000 	/System/Library/Frameworks/Accelerate.framework/Versions/A/Frameworks/vecLib.framework/Versions/A/libBLAS.dylib
0x0000000000f2a000 	/System/Library/Frameworks/Accelerate.framework/Versions/A/Frameworks/vecLib.framework/Versions/A/libLinearAlgebra.dylib
0x0000000000f2a000 	/System/Library/Frameworks/Accelerate.framework/Versions/A/Frameworks/vecLib.framework/Versions/A/libSparseBLAS.dylib
0x0000000000f2a000 	/System/Library/PrivateFrameworks/GPUCompiler.framework/libmetal_timestamp.dylib
0x0000000000f2a000 	/System/Library/Frameworks/OpenGL.framework/Versions/A/Libraries/libCoreFSCache.dylib
0x0000000000f2a000 	/System/Library/PrivateFrameworks/IOAccelerator.framework/Versions/A/IOAccelerator
0x0000000000f2a000 	/System/Library/Frameworks/ApplicationServices.framework/Versions/A/Frameworks/ATS.framework/Versions/A/Resources/libFontParser.dylib
0x0000000000f2a000 	/System/Library/Frameworks/ApplicationServices.framework/Versions/A/Frameworks/ATS.framework/Versions/A/Resources/libFontRegistry.dylib
0x0000000000f2a000 	/System/Library/PrivateFrameworks/AppleVPA.framework/Versions/A/AppleVPA
0x0000000000f2a000 	/System/Library/PrivateFrameworks/AppleJPEG.framework/Versions/A/AppleJPEG
0x0000000000f2a000 	/System/Library/Frameworks/ImageIO.framework/Versions/A/Resources/libJPEG.dylib
0x0000000000f2a000 	/System/Library/Frameworks/ImageIO.framework/Versions/A/Resources/libTIFF.dylib
0x0000000000f2a000 	/System/Library/Frameworks/ImageIO.framework/Versions/A/Resources/libPng.dylib
0x0000000000f2a000 	/System/Library/Frameworks/ImageIO.framework/Versions/A/Resources/libGIF.dylib
0x0000000000f2a000 	/System/Library/Frameworks/ImageIO.framework/Versions/A/Resources/libJP2.dylib
0x0000000000f2a000 	/System/Library/Frameworks/ImageIO.framework/Versions/A/Resources/libRadiance.dylib
0x0000000000f2a000 	/System/Library/Frameworks/CoreVideo.framework/Versions/A/CoreVideo
0x0000000000f2a000 	/System/Library/Frameworks/OpenGL.framework/Versions/A/Libraries/libGLU.dylib
0x0000000000f2a000 	/System/Library/Frameworks/OpenGL.framework/Versions/A/Libraries/libGFXShared.dylib
0x0000000000f2a000 	/System/Library/Frameworks/OpenGL.framework/Versions/A/Libraries/libGL.dylib
0x0000000000f2a000 	/System/Library/Frameworks/OpenGL.framework/Versions/A/Libraries/libGLImage.dylib
0x0000000000f2a000 	/System/Library/Frameworks/OpenGL.framework/Versions/A/Libraries/libCVMSPluginSupport.dylib
0x0000000000f2a000 	/System/Library/Frameworks/OpenGL.framework/Versions/A/Libraries/libCoreVMClient.dylib
0x0000000000f2a000 	/usr/lib/libcompression.dylib
0x0000000000f2a000 	/usr/lib/libcups.2.dylib
0x0000000000f2a000 	/System/Library/Frameworks/Kerberos.framework/Versions/A/Kerberos
0x0000000000f2a000 	/System/Library/Frameworks/GSS.framework/Versions/A/GSS
0x0000000000f2a000 	/usr/lib/libresolv.9.dylib
0x0000000000f2a000 	/usr/lib/libiconv.2.dylib
0x0000000000f2a000 	/System/Library/PrivateFrameworks/Heimdal.framework/Versions/A/Heimdal
0x0000000000f2a000 	/usr/lib/libheimdal-asn1.dylib
0x0000000000f2a000 	/System/Library/Frameworks/OpenDirectory.framework/Versions/A/OpenDirectory
0x0000000000f2a000 	/System/Library/PrivateFrameworks/CommonAuth.framework/Versions/A/CommonAuth
0x0000000000f2a000 	/System/Library/Frameworks/OpenDirectory.framework/Versions/A/Frameworks/CFOpenDirectory.framework/Versions/A/CFOpenDirectory
0x0000000000f2a000 	/System/Library/Frameworks/SecurityFoundation.framework/Versions/A/SecurityFoundation
0x0000000000f2a000 	/System/Library/PrivateFrameworks/LanguageModeling.framework/Versions/A/LanguageModeling
0x0000000000f2a000 	/usr/lib/libmarisa.dylib
0x0000000000f2a000 	/usr/lib/libChineseTokenizer.dylib
0x0000000000f2a000 	/usr/lib/libcmph.dylib
0x0000000000f2a000 	/System/Library/Frameworks/ServiceManagement.framework/Versions/A/ServiceManagement
0x0000000000f2a000 	/usr/lib/libxslt.1.dylib
0x0000000000f2a000 	/System/Library/Frameworks/Carbon.framework/Versions/A/Frameworks/Ink.framework/Versions/A/Ink
0x0000000000f2a000 	/usr/lib/libFosl_dynamic.dylib
0x0000000000f2a000 	/System/Library/PrivateFrameworks/FaceCore.framework/Versions/A/FaceCore
0x0000000000f2a000 	/System/Library/Frameworks/OpenCL.framework/Versions/A/OpenCL
0x0000000000f2a000 	/System/Library/PrivateFrameworks/CrashReporterSupport.framework/Versions/A/CrashReporterSupport
0x0000000000f2a000 	/System/Library/PrivateFrameworks/IconServices.framework/Versions/A/IconServices
0x0000000000f2a000 	/System/Library/PrivateFrameworks/Apple80211.framework/Versions/A/Apple80211
0x0000000000f2a000 	/System/Library/Frameworks/CoreWLAN.framework/Versions/A/CoreWLAN
0x0000000000f2a000 	/System/Library/Frameworks/IOBluetooth.framework/Versions/A/IOBluetooth
0x0000000000f2a000 	/System/Library/PrivateFrameworks/CoreWiFi.framework/Versions/A/CoreWiFi
0x0000000000f2a000 	/System/Library/Frameworks/CoreBluetooth.framework/Versions/A/CoreBluetooth
0x0000000000f2a000 	/System/Library/PrivateFrameworks/ChunkingLibrary.framework/Versions/A/ChunkingLibrary
0x0000000000f2a000 	/System/Library/PrivateFrameworks/DebugSymbols.framework/Versions/A/DebugSymbols
0x0000000000f2a000 	/System/Library/PrivateFrameworks/CoreSymbolication.framework/Versions/A/CoreSymbolication
0x0000000000f2a000 	/System/Library/PrivateFrameworks/Symbolication.framework/Versions/A/Symbolication
0x0000000000f2a000 	/System/Library/PrivateFrameworks/SpeechRecognitionCore.framework/Versions/A/SpeechRecognitionCore
0x00000001063b3000 	/System/Library/CoreServices/Encodings/libSimplifiedChineseConverter.dylib
0x00000001063f7000 	/Library/Java/JavaVirtualMachines/jdk1.8.0_60.jdk/Contents/Home/jre/lib/server/libjvm.dylib
0x0000000000f2a000 	/usr/lib/libstdc++.6.dylib
0x0000000107384000 	/Library/Java/JavaVirtualMachines/jdk1.8.0_60.jdk/Contents/Home/jre/lib/libverify.dylib
0x0000000107392000 	/Library/Java/JavaVirtualMachines/jdk1.8.0_60.jdk/Contents/Home/jre/lib/libjava.dylib
0x00000001073d1000 	/Library/Java/JavaVirtualMachines/jdk1.8.0_60.jdk/Contents/Home/jre/lib/libzip.dylib
0x000000011afe5000 	/System/Library/Frameworks/JavaVM.framework/Frameworks/JavaRuntimeSupport.framework/JavaRuntimeSupport
0x000000011b000000 	/System/Library/Frameworks/JavaVM.framework/Versions/A/Frameworks/JavaNativeFoundation.framework/Versions/A/JavaNativeFoundation
0x00000001073ef000 	/System/Library/Frameworks/JavaVM.framework/Versions/A/JavaVM
0x0000000000f2a000 	/System/Library/Frameworks/Carbon.framework/Versions/A/Carbon
0x000000011b015000 	/System/Library/PrivateFrameworks/JavaLaunching.framework/Versions/A/JavaLaunching
0x0000000000f2a000 	/System/Library/Frameworks/Carbon.framework/Versions/A/Frameworks/CommonPanels.framework/Versions/A/CommonPanels
0x0000000000f2a000 	/System/Library/Frameworks/Carbon.framework/Versions/A/Frameworks/Help.framework/Versions/A/Help
0x0000000000f2a000 	/System/Library/Frameworks/Carbon.framework/Versions/A/Frameworks/ImageCapture.framework/Versions/A/ImageCapture
0x0000000000f2a000 	/System/Library/Frameworks/Carbon.framework/Versions/A/Frameworks/OpenScripting.framework/Versions/A/OpenScripting
0x0000000000f2a000 	/System/Library/Frameworks/Carbon.framework/Versions/A/Frameworks/Print.framework/Versions/A/Print
0x0000000000f2a000 	/System/Library/Frameworks/Carbon.framework/Versions/A/Frameworks/SecurityHI.framework/Versions/A/SecurityHI
0x000000011c97c000 	/Library/Java/JavaVirtualMachines/jdk1.8.0_60.jdk/Contents/Home/jre/lib/libawt.dylib
0x000000011ca24000 	/Library/Java/JavaVirtualMachines/jdk1.8.0_60.jdk/Contents/Home/jre/lib/./libmlib_image.dylib
0x000000011caf0000 	/Library/Java/JavaVirtualMachines/jdk1.8.0_60.jdk/Contents/Home/jre/lib/libawt_lwawt.dylib
0x000000011cba5000 	/Library/Java/JavaVirtualMachines/jdk1.8.0_60.jdk/Contents/Home/jre/lib/./libosxapp.dylib
0x0000000000f2a000 	/System/Library/Frameworks/ExceptionHandling.framework/Versions/A/ExceptionHandling
0x0000000000f2a000 	/System/Library/PrivateFrameworks/CoreServicesInternal.framework/Versions/A/CoreServicesInternal
0x0000000000f2a000 	/System/Library/Frameworks/CoreGraphics.framework/Versions/A/Resources/libRIP.A.dylib
0x0000000000f2a000 	/System/Library/Frameworks/Accelerate.framework/Versions/A/Frameworks/vImage.framework/Versions/A/Libraries/libCGInterfaces.dylib
0x0000000000f2a000 	/System/Library/Frameworks/CoreGraphics.framework/Versions/A/Resources/libCGXType.A.dylib
0x0000000000f2a000 	/System/Library/Frameworks/OpenCL.framework/Versions/A/Libraries/libcldcpuengine.dylib
0x0000000000f2a000 	/System/Library/PrivateFrameworks/DiskImages.framework/Versions/A/DiskImages
0x0000000000f2a000 	/System/Library/Frameworks/DiscRecording.framework/Versions/A/DiscRecording
0x0000000000f2a000 	/usr/lib/libcsfde.dylib
0x0000000000f2a000 	/usr/lib/libcurl.4.dylib
0x0000000000f2a000 	/System/Library/PrivateFrameworks/MediaKit.framework/Versions/A/MediaKit
0x0000000000f2a000 	/System/Library/PrivateFrameworks/ProtectedCloudStorage.framework/Versions/A/ProtectedCloudStorage
0x0000000000f2a000 	/usr/lib/libCoreStorage.dylib
0x0000000000f2a000 	/System/Library/PrivateFrameworks/EFILogin.framework/Versions/A/EFILogin
0x0000000000f2a000 	/usr/lib/libutil.dylib
0x0000000000f2a000 	/System/Library/PrivateFrameworks/FindMyDevice.framework/Versions/A/FindMyDevice
0x0000000000f2a000 	/System/Library/Frameworks/LDAP.framework/Versions/A/LDAP
0x0000000000f2a000 	/usr/lib/libsasl2.2.dylib
0x0000000000f2a000 	/System/Library/PrivateFrameworks/CoreDaemon.framework/Versions/B/CoreDaemon
0x0000000000f2a000 	/usr/lib/libcrypto.0.9.8.dylib
0x0000000000f2a000 	/System/Library/PrivateFrameworks/AppleSRP.framework/Versions/A/AppleSRP
0x0000000000f2a000 	/System/Library/PrivateFrameworks/TrustEvaluationAgent.framework/Versions/A/TrustEvaluationAgent
0x000000011e3b5000 	cl_kernels
0x0000000000f2a000 	/System/Library/Frameworks/OpenCL.framework/Versions/A/Libraries/ImageFormats/unorm8_bgra.dylib
0x0000000000f2a000 	/System/Library/Frameworks/OpenCL.framework/Versions/A/Libraries/ImageFormats/unorm8_rgba.dylib
0x0000000000f2a000 	/System/Library/PrivateFrameworks/FamilyControls.framework/Versions/A/FamilyControls
0x0000000000f2a000 	/System/Library/PrivateFrameworks/CommerceKit.framework/Versions/A/Frameworks/CommerceCore.framework/Versions/A/CommerceCore
0x0000000000f2a000 	/System/Library/PrivateFrameworks/SystemAdministration.framework/Versions/A/SystemAdministration
0x0000000000f2a000 	/System/Library/PrivateFrameworks/AppContainer.framework/Versions/A/AppContainer
0x0000000000f2a000 	/System/Library/PrivateFrameworks/SecCodeWrapper.framework/Versions/A/SecCodeWrapper
0x0000000000f2a000 	/System/Library/Frameworks/DirectoryService.framework/Versions/A/DirectoryService
0x0000000000f2a000 	/System/Library/PrivateFrameworks/LoginUIKit.framework/Versions/A/Frameworks/LoginUICore.framework/Versions/A/LoginUICore
0x0000000000f2a000 	/usr/lib/libodfde.dylib
0x0000000000f2a000 	/System/Library/Frameworks/OpenGL.framework/Versions/A/Resources/GLEngine.bundle/GLEngine
0x0000000000f2a000 	/System/Library/Frameworks/OpenGL.framework/Versions/A/Libraries/libGLProgrammability.dylib
0x000000011f3cf000 	/System/Library/Extensions/AppleIntelHD4000GraphicsGLDriver.bundle/Contents/MacOS/AppleIntelHD4000GraphicsGLDriver
0x0000000000f2a000 	/System/Library/PrivateFrameworks/GPUSupport.framework/Versions/A/Libraries/libGPUSupportMercury.dylib
0x0000000000f2a000 	/System/Library/Frameworks/OpenGL.framework/Versions/A/Resources/GLRendererFloat.bundle/GLRendererFloat
0x0000000120319000 	/Library/Java/JavaVirtualMachines/jdk1.8.0_60.jdk/Contents/Home/jre/lib/libfontmanager.dylib
0x000000012647a000 	/Library/Java/JavaVirtualMachines/jdk1.8.0_60.jdk/Contents/Home/jre/lib/libosxui.dylib
0x000000012718c000 	/Library/Java/JavaVirtualMachines/jdk1.8.0_60.jdk/Contents/Home/jre/lib/libnet.dylib
0x00000001271eb000 	/Library/Java/JavaVirtualMachines/jdk1.8.0_60.jdk/Contents/Home/jre/lib/libnio.dylib
0x0000000000f2a000 	/System/Library/Frameworks/ApplicationServices.framework/Versions/A/Frameworks/ATS.framework/Versions/A/Resources/libTrueTypeScaler.dylib
0x000000018931f000 	/System/Library/Extensions/AppleIntelHD4000GraphicsMTLDriver.bundle/Contents/MacOS/AppleIntelHD4000GraphicsMTLDriver
0x000000018928f000 	/private/var/folders/p9/f2k8tf91787dq41zbzy2vwz40000gn/T/jogamp_0000/file_cache/jln984765289987583623/jln8923622483985992986/libgluegen-rt.jnilib
0x000000011d9a3000 	/private/var/folders/p9/f2k8tf91787dq41zbzy2vwz40000gn/T/jogamp_0000/file_cache/jln984765289987583623/jln8923622483985992986/libnativewindow_awt.jnilib
0x0000000189293000 	/Library/Java/JavaVirtualMachines/jdk1.8.0_60.jdk/Contents/Home/jre/lib/libjawt.dylib
0x0000000189296000 	/private/var/folders/p9/f2k8tf91787dq41zbzy2vwz40000gn/T/jogamp_0000/file_cache/jln984765289987583623/jln8923622483985992986/libnativewindow_macosx.jnilib
0x000000018ab81000 	/private/var/folders/p9/f2k8tf91787dq41zbzy2vwz40000gn/T/jogamp_0000/file_cache/jln984765289987583623/jln8923622483985992986/libjogl_desktop.jnilib
0x000000011df4b000 	/Library/Java/JavaVirtualMachines/jdk1.8.0_60.jdk/Contents/Home/jre/lib/libjpeg.dylib

VM Arguments:
jvm_args: -Djava.security.policy=java.policy.applet -Dfile.encoding=UTF-8 
java_command: sun.applet.AppletViewer module1.HelloWorld1470804412050.html
java_class_path (initial): /Users/lING/Documents/workspace/UCSDUnfoldingMaps/build:/Users/lING/Documents/workspace/UCSDUnfoldingMaps/lib/core.jar:/Users/lING/Documents/workspace/UCSDUnfoldingMaps/lib/gluegen-rt.jar:/Users/lING/Documents/workspace/UCSDUnfoldingMaps/lib/jogl-all.jar:/Users/lING/Documents/workspace/UCSDUnfoldingMaps/lib/log4j-1.2.15.jar:/Users/lING/Documents/workspace/UCSDUnfoldingMaps/lib/sqlite-jdbc-3.7.2.jar:/Users/lING/Documents/workspace/UCSDUnfoldingMaps/lib/json4processing.jar:/Users/lING/Documents/workspace/UCSDUnfoldingMaps/lib/libTUIO.jar:/Users/lING/Documents/workspace/UCSDUnfoldingMaps/lib/unfolding.0.9.7-uscd.jar
Launcher Type: SUN_STANDARD

Environment Variables:
PATH=/usr/bin:/bin:/usr/sbin:/sbin
SHELL=/bin/bash

Signal Handlers:
SIGSEGV: [libjvm.dylib+0x5a6d31], sa_mask[0]=11111111011111110111111111111111, sa_flags=SA_ONSTACK|SA_RESTART|SA_SIGINFO
SIGBUS: [libjvm.dylib+0x5a6d31], sa_mask[0]=11111111011111110111111111111111, sa_flags=SA_RESTART|SA_SIGINFO
SIGFPE: [libjvm.dylib+0x480a4c], sa_mask[0]=11111111011111110111111111111111, sa_flags=SA_RESTART|SA_SIGINFO
SIGPIPE: [libjvm.dylib+0x480a4c], sa_mask[0]=11111111011111110111111111111111, sa_flags=SA_RESTART|SA_SIGINFO
SIGXFSZ: [libjvm.dylib+0x480a4c], sa_mask[0]=11111111011111110111111111111111, sa_flags=SA_RESTART|SA_SIGINFO
SIGILL: [libjvm.dylib+0x480a4c], sa_mask[0]=11111111011111110111111111111111, sa_flags=SA_RESTART|SA_SIGINFO
SIGUSR1: SIG_DFL, sa_mask[0]=00000000000000000000000000000000, sa_flags=none
SIGUSR2: [libjvm.dylib+0x48056a], sa_mask[0]=00100000000000000000000000000000, sa_flags=SA_RESTART|SA_SIGINFO
SIGHUP: [libjvm.dylib+0x47eb41], sa_mask[0]=11111111011111110111111111111111, sa_flags=SA_RESTART|SA_SIGINFO
SIGINT: [libjvm.dylib+0x47eb41], sa_mask[0]=11111111011111110111111111111111, sa_flags=SA_RESTART|SA_SIGINFO
SIGTERM: [libjvm.dylib+0x47eb41], sa_mask[0]=11111111011111110111111111111111, sa_flags=SA_RESTART|SA_SIGINFO
SIGQUIT: [libjvm.dylib+0x47eb41], sa_mask[0]=11111111011111110111111111111111, sa_flags=SA_RESTART|SA_SIGINFO


---------------  S Y S T E M  ---------------

OS:Bsduname:Darwin 15.5.0 Darwin Kernel Version 15.5.0: Tue Apr 19 18:36:36 PDT 2016; root:xnu-3248.50.21~8/RELEASE_X86_64 x86_64
rlimit: STACK 8192k, CORE 0k, NPROC 709, NOFILE 10240, AS infinity
load average:4.02 3.68 3.14

CPU:total 4 (2 cores per cpu, 2 threads per core) family 6 model 58 stepping 9, cmov, cx8, fxsr, mmx, sse, sse2, sse3, ssse3, sse4.1, sse4.2, popcnt, avx, aes, clmul, erms, ht, tsc, tscinvbit, tscinv

Memory: 4k page, physical 4194304k(234652k free)

/proc/meminfo:


vm_info: Java HotSpot(TM) 64-Bit Server VM (25.60-b23) for bsd-amd64 JRE (1.8.0_60-b27), built on Aug  4 2015 10:47:24 by "java_re" with gcc 4.2.1 (Based on Apple Inc. build 5658) (LLVM build 2336.11.00)

time: Tue Aug  9 21:47:55 2016
elapsed time: 63 seconds (0d 0h 1m 3s)

